<?xml version="1.0" encoding="utf-8"?>
<TestRun id="2f5a114e-73ed-4f0e-811a-699bdd796b5a" name="@runnervmg1sw1 2025-12-02 06:02:33.3119794" xmlns="http://microsoft.com/schemas/VisualStudio/TeamTest/2010">
  <Times creation="2025-12-02T06:02:26.2160088Z" queuing="2025-12-02T06:02:26.2160088Z" start="2025-12-02T06:02:26.2160088Z" finish="2025-12-02T06:02:33.3125586Z" />
  <TestSettings name="default" id="e21e65ff-ed2d-48d4-91e7-820c576c428d">
    <Deployment runDeploymentRoot="_runnervmg1sw1_2025-12-02_06_02_33.3119794" />
  </TestSettings>
  <Results>
    <UnitTestResult executionId="b95617d3-c5fb-4505-b219-273d68a95fbf" testId="01873296-409c-b40e-58f5-2f9d6648f1ee" testName="TestSanitizePathWindows (&quot;a\file\with:colon.name&quot;,&quot;a\file\with_colon.name&quot;)" computerName="runnervmg1sw1" duration="00:00:00.0308707" startTime="2025-12-02T06:02:26.4091994+00:00" endTime="2025-12-02T06:02:26.4586433+00:00" testType="13CDC9D9-DDB5-4fa4-A97D-D965CCFC6D4B" outcome="Passed" testListId="8C84FA94-04C1-424b-9868-57A2D4851A1D" relativeResultsDirectory="b95617d3-c5fb-4505-b219-273d68a95fbf" />
    <UnitTestResult executionId="fc112bc3-d047-42b6-9e4d-b61c2abb4631" testId="e4e6fbb0-27ed-cb38-3709-7b3d3c0b9c94" testName="TestSanitizePathWindows (&quot;a\folder:with\colon.name&quot;,&quot;a\folder_with\colon.name&quot;)" computerName="runnervmg1sw1" duration="00:00:00.0002759" startTime="2025-12-02T06:02:26.4633456+00:00" endTime="2025-12-02T06:02:26.4641239+00:00" testType="13CDC9D9-DDB5-4fa4-A97D-D965CCFC6D4B" outcome="Passed" testListId="8C84FA94-04C1-424b-9868-57A2D4851A1D" relativeResultsDirectory="fc112bc3-d047-42b6-9e4d-b61c2abb4631" />
    <UnitTestResult executionId="0750b1e4-7ebf-4b78-a164-8db76ff9d149" testId="7a96a9f0-913a-adf3-06ee-f7be98dc739b" testName="TestSanitizePathLinux (&quot;a/file/with:colon.name&quot;,&quot;a/file/with_colon.name&quot;)" computerName="runnervmg1sw1" duration="00:00:00.0257941" startTime="2025-12-02T06:02:26.4642119+00:00" endTime="2025-12-02T06:02:26.4901019+00:00" testType="13CDC9D9-DDB5-4fa4-A97D-D965CCFC6D4B" outcome="Failed" testListId="8C84FA94-04C1-424b-9868-57A2D4851A1D" relativeResultsDirectory="0750b1e4-7ebf-4b78-a164-8db76ff9d149">
      <Output>
        <ErrorInfo>
          <Message>Assert.AreEqual failed. Expected:&lt;a/file/with_colon.name&gt;. Actual:&lt;a/file/with:colon.name&gt;. </Message>
          <StackTrace>   at RecursiveExtractor.Tests.SanitizePathTests.TestSanitizePathLinux(String linuxInputPath, String expectedLinuxPath) in /home/runner/work/RecursiveExtractor/RecursiveExtractor/RecursiveExtractor.Tests/SanitizePathTests.cs:line 35
   at System.RuntimeMethodHandle.InvokeMethod(Object target, Void** arguments, Signature sig, Boolean isConstructor)
   at System.Reflection.MethodBaseInvoker.InvokeDirectByRefWithFewArgs(Object obj, Span`1 copyOfArgs, BindingFlags invokeAttr)
</StackTrace>
        </ErrorInfo>
      </Output>
    </UnitTestResult>
    <UnitTestResult executionId="33758a7a-9e8c-4f47-8f49-d028ca4070cb" testId="35697364-7fc5-5e34-b452-f99bdb8b7d7f" testName="TestSanitizePathLinux (&quot;a/folder:with/colon.name&quot;,&quot;a/folder_with/colon.name&quot;)" computerName="runnervmg1sw1" duration="00:00:00.0005682" startTime="2025-12-02T06:02:26.4903131+00:00" endTime="2025-12-02T06:02:26.4914976+00:00" testType="13CDC9D9-DDB5-4fa4-A97D-D965CCFC6D4B" outcome="Failed" testListId="8C84FA94-04C1-424b-9868-57A2D4851A1D" relativeResultsDirectory="33758a7a-9e8c-4f47-8f49-d028ca4070cb">
      <Output>
        <ErrorInfo>
          <Message>Assert.AreEqual failed. Expected:&lt;a/folder_with/colon.name&gt;. Actual:&lt;a/folder:with/colon.name&gt;. </Message>
          <StackTrace>   at RecursiveExtractor.Tests.SanitizePathTests.TestSanitizePathLinux(String linuxInputPath, String expectedLinuxPath) in /home/runner/work/RecursiveExtractor/RecursiveExtractor/RecursiveExtractor.Tests/SanitizePathTests.cs:line 35
   at InvokeStub_SanitizePathTests.TestSanitizePathLinux(Object, Span`1)
   at System.Reflection.MethodBaseInvoker.InvokeWithFewArgs(Object obj, BindingFlags invokeAttr, Binder binder, Object[] parameters, CultureInfo culture)
</StackTrace>
        </ErrorInfo>
      </Output>
    </UnitTestResult>
    <UnitTestResult executionId="86d14cbd-eb18-46a4-9ebe-1fce85a81b9b" testId="d659e537-a24d-58d6-d937-f837f8a4111d" testName="Constructor_WithCustomExtractors_RegistersExtractors" computerName="runnervmg1sw1" duration="00:00:00.0474705" startTime="2025-12-02T06:02:26.4915830+00:00" endTime="2025-12-02T06:02:26.5422531+00:00" testType="13CDC9D9-DDB5-4fa4-A97D-D965CCFC6D4B" outcome="Passed" testListId="8C84FA94-04C1-424b-9868-57A2D4851A1D" relativeResultsDirectory="86d14cbd-eb18-46a4-9ebe-1fce85a81b9b" />
    <UnitTestResult executionId="85b0dd1c-9581-475d-b40b-fe2784c426e1" testId="ec7a966f-3b18-bd7a-3a6c-4f209105b8f2" testName="Constructor_WithMultipleCustomExtractors_RegistersAll" computerName="runnervmg1sw1" duration="00:00:00.0015559" startTime="2025-12-02T06:02:26.5423868+00:00" endTime="2025-12-02T06:02:26.5441202+00:00" testType="13CDC9D9-DDB5-4fa4-A97D-D965CCFC6D4B" outcome="Passed" testListId="8C84FA94-04C1-424b-9868-57A2D4851A1D" relativeResultsDirectory="85b0dd1c-9581-475d-b40b-fe2784c426e1" />
    <UnitTestResult executionId="8b53af45-e050-4243-98f4-c1c36c7b24f1" testId="85bd69c3-3799-d779-34c5-334ef90c95b0" testName="Constructor_WithNullInCollection_IgnoresNull" computerName="runnervmg1sw1" duration="00:00:00.0013066" startTime="2025-12-02T06:02:26.5441869+00:00" endTime="2025-12-02T06:02:26.5455702+00:00" testType="13CDC9D9-DDB5-4fa4-A97D-D965CCFC6D4B" outcome="Passed" testListId="8C84FA94-04C1-424b-9868-57A2D4851A1D" relativeResultsDirectory="8b53af45-e050-4243-98f4-c1c36c7b24f1" />
    <UnitTestResult executionId="7dd42472-ef82-450e-9498-f7fa5e031d43" testId="3964032e-5aa0-36eb-bf6c-6ed4dccdb8e9" testName="Constructor_WithNullCollection_CreatesEmptyExtractor" computerName="runnervmg1sw1" duration="00:00:00.0012507" startTime="2025-12-02T06:02:26.5456350+00:00" endTime="2025-12-02T06:02:26.5469545+00:00" testType="13CDC9D9-DDB5-4fa4-A97D-D965CCFC6D4B" outcome="Passed" testListId="8C84FA94-04C1-424b-9868-57A2D4851A1D" relativeResultsDirectory="7dd42472-ef82-450e-9498-f7fa5e031d43" />
    <UnitTestResult executionId="8a16014d-c132-45a3-8607-b2b77ecfbeee" testId="ea6189d0-b489-add5-d950-7c0794379c8e" testName="Extract_WithMatchingCustomExtractor_UsesCustomExtractor" computerName="runnervmg1sw1" duration="00:00:00.0114697" startTime="2025-12-02T06:02:26.5470133+00:00" endTime="2025-12-02T06:02:26.5585488+00:00" testType="13CDC9D9-DDB5-4fa4-A97D-D965CCFC6D4B" outcome="Passed" testListId="8C84FA94-04C1-424b-9868-57A2D4851A1D" relativeResultsDirectory="8a16014d-c132-45a3-8607-b2b77ecfbeee" />
    <UnitTestResult executionId="3a06537a-ab71-46be-98fa-69b5af5bbdba" testId="67872132-9151-f86e-8ffb-4833a65d0882" testName="ExtractAsync_WithMatchingCustomExtractor_UsesCustomExtractor" computerName="runnervmg1sw1" duration="00:00:00.0150954" startTime="2025-12-02T06:02:26.5586123+00:00" endTime="2025-12-02T06:02:26.5737888+00:00" testType="13CDC9D9-DDB5-4fa4-A97D-D965CCFC6D4B" outcome="Passed" testListId="8C84FA94-04C1-424b-9868-57A2D4851A1D" relativeResultsDirectory="3a06537a-ab71-46be-98fa-69b5af5bbdba" />
    <UnitTestResult executionId="19eee0d0-27b1-410e-85a6-adb06ce2f360" testId="8cbd5bfa-a7df-e45e-42b3-2ef3063563c0" testName="Extract_WithoutMatchingCustomExtractor_ReturnsOriginalFile" computerName="runnervmg1sw1" duration="00:00:00.0015234" startTime="2025-12-02T06:02:26.5738604+00:00" endTime="2025-12-02T06:02:26.5754577+00:00" testType="13CDC9D9-DDB5-4fa4-A97D-D965CCFC6D4B" outcome="Passed" testListId="8C84FA94-04C1-424b-9868-57A2D4851A1D" relativeResultsDirectory="19eee0d0-27b1-410e-85a6-adb06ce2f360" />
    <UnitTestResult executionId="1bf47586-3534-4b3d-94f8-e6f4c9347c99" testId="bb1f6d19-23e8-23dc-5a37-45b20a516ad7" testName="Extract_MultipleCustomExtractors_UsesCorrectOne" computerName="runnervmg1sw1" duration="00:00:00.0023815" startTime="2025-12-02T06:02:26.5755256+00:00" endTime="2025-12-02T06:02:26.5779884+00:00" testType="13CDC9D9-DDB5-4fa4-A97D-D965CCFC6D4B" outcome="Passed" testListId="8C84FA94-04C1-424b-9868-57A2D4851A1D" relativeResultsDirectory="1bf47586-3534-4b3d-94f8-e6f4c9347c99" />
    <UnitTestResult executionId="07970850-13cf-476e-860c-5bab0b1bf57f" testId="650e4189-c3b5-88bc-cf15-d8b3bfd7cbf5" testName="Extract_NoCustomExtractors_ReturnsOriginalFile" computerName="runnervmg1sw1" duration="00:00:00.0014344" startTime="2025-12-02T06:02:26.5780558+00:00" endTime="2025-12-02T06:02:26.5795611+00:00" testType="13CDC9D9-DDB5-4fa4-A97D-D965CCFC6D4B" outcome="Passed" testListId="8C84FA94-04C1-424b-9868-57A2D4851A1D" relativeResultsDirectory="07970850-13cf-476e-860c-5bab0b1bf57f" />
    <UnitTestResult executionId="92557336-4fe2-4f0b-a337-a13a7b4e9d49" testId="06831cff-265f-413a-d6dc-5a83b7c74257" testName="Extract_CustomExtractorForKnownFormat_UsesBuiltInExtractor" computerName="runnervmg1sw1" duration="00:00:00.0014650" startTime="2025-12-02T06:02:26.5796250+00:00" endTime="2025-12-02T06:02:26.5811802+00:00" testType="13CDC9D9-DDB5-4fa4-A97D-D965CCFC6D4B" outcome="Passed" testListId="8C84FA94-04C1-424b-9868-57A2D4851A1D" relativeResultsDirectory="92557336-4fe2-4f0b-a337-a13a7b4e9d49" />
    <UnitTestResult executionId="58dee74c-f18a-4786-878d-099f85f27b80" testId="209c616e-1848-bea3-44de-6146e2044418" testName="ExtractArchiveAndDisposeWhileEnumerating (&quot;TestData.7z&quot;,3,False)" computerName="runnervmg1sw1" duration="00:00:00.0412216" startTime="2025-12-02T06:02:26.5812536+00:00" endTime="2025-12-02T06:02:26.6226257+00:00" testType="13CDC9D9-DDB5-4fa4-A97D-D965CCFC6D4B" outcome="Passed" testListId="8C84FA94-04C1-424b-9868-57A2D4851A1D" relativeResultsDirectory="58dee74c-f18a-4786-878d-099f85f27b80" />
    <UnitTestResult executionId="dc54274e-98a0-43b7-86ce-12e8e5f87c40" testId="da9e96e7-e6ed-4526-d51f-f8ea06febd6d" testName="ExtractArchiveAndDisposeWhileEnumerating (&quot;TestData.tar&quot;,6,False)" computerName="runnervmg1sw1" duration="00:00:00.0114742" startTime="2025-12-02T06:02:26.6226977+00:00" endTime="2025-12-02T06:02:26.6342619+00:00" testType="13CDC9D9-DDB5-4fa4-A97D-D965CCFC6D4B" outcome="Passed" testListId="8C84FA94-04C1-424b-9868-57A2D4851A1D" relativeResultsDirectory="dc54274e-98a0-43b7-86ce-12e8e5f87c40" />
    <UnitTestResult executionId="c9197b6f-8bf1-419f-8927-f39e43115c23" testId="7889f5c2-ec65-996b-dc03-120d2a742dfb" testName="ExtractArchiveAndDisposeWhileEnumerating (&quot;TestData.rar&quot;,3,False)" computerName="runnervmg1sw1" duration="00:00:00.0230043" startTime="2025-12-02T06:02:26.6345654+00:00" endTime="2025-12-02T06:02:26.6576684+00:00" testType="13CDC9D9-DDB5-4fa4-A97D-D965CCFC6D4B" outcome="Passed" testListId="8C84FA94-04C1-424b-9868-57A2D4851A1D" relativeResultsDirectory="c9197b6f-8bf1-419f-8927-f39e43115c23" />
    <UnitTestResult executionId="ecf0b6db-016d-4f6d-82be-e5584e41af8c" testId="34f58cf5-0eef-16ee-6bec-ffb827c4208e" testName="ExtractArchiveAndDisposeWhileEnumerating (&quot;TestData.rar4&quot;,3,False)" computerName="runnervmg1sw1" duration="00:00:00.0125608" startTime="2025-12-02T06:02:26.6577418+00:00" endTime="2025-12-02T06:02:26.6703908+00:00" testType="13CDC9D9-DDB5-4fa4-A97D-D965CCFC6D4B" outcome="Passed" testListId="8C84FA94-04C1-424b-9868-57A2D4851A1D" relativeResultsDirectory="ecf0b6db-016d-4f6d-82be-e5584e41af8c" />
    <UnitTestResult executionId="879bb282-f075-4747-a9a3-4b5fe973e1c6" testId="5e80befb-d469-174b-0b79-001bb9b8c777" testName="ExtractArchiveAndDisposeWhileEnumerating (&quot;TestData.tar.bz2&quot;,6,False)" computerName="runnervmg1sw1" duration="00:00:00.0136967" startTime="2025-12-02T06:02:26.6704911+00:00" endTime="2025-12-02T06:02:26.6842830+00:00" testType="13CDC9D9-DDB5-4fa4-A97D-D965CCFC6D4B" outcome="Passed" testListId="8C84FA94-04C1-424b-9868-57A2D4851A1D" relativeResultsDirectory="879bb282-f075-4747-a9a3-4b5fe973e1c6" />
    <UnitTestResult executionId="bc127120-5f95-4d78-943c-de839805c23f" testId="bcaab5ec-e396-1a3b-ce07-74e6a4bae506" testName="ExtractArchiveAndDisposeWhileEnumerating (&quot;TestData.tar.gz&quot;,6,False)" computerName="runnervmg1sw1" duration="00:00:00.0181625" startTime="2025-12-02T06:02:26.6843706+00:00" endTime="2025-12-02T06:02:26.7026549+00:00" testType="13CDC9D9-DDB5-4fa4-A97D-D965CCFC6D4B" outcome="Passed" testListId="8C84FA94-04C1-424b-9868-57A2D4851A1D" relativeResultsDirectory="bc127120-5f95-4d78-943c-de839805c23f" />
    <UnitTestResult executionId="b559ab8a-842a-4239-802e-2cb5eedf9c0d" testId="f5cca429-6e01-110c-b8d2-b19cad886001" testName="ExtractArchiveAndDisposeWhileEnumerating (&quot;TestData.tar.xz&quot;,3,False)" computerName="runnervmg1sw1" duration="00:00:00.0174974" startTime="2025-12-02T06:02:26.7027490+00:00" endTime="2025-12-02T06:02:26.7203362+00:00" testType="13CDC9D9-DDB5-4fa4-A97D-D965CCFC6D4B" outcome="Passed" testListId="8C84FA94-04C1-424b-9868-57A2D4851A1D" relativeResultsDirectory="b559ab8a-842a-4239-802e-2cb5eedf9c0d" />
    <UnitTestResult executionId="969d8e86-baea-454d-808f-546a6ef5cc7f" testId="6977b879-578c-4295-7f6a-17e138589e5d" testName="ExtractArchiveAndDisposeWhileEnumerating (&quot;sysvbanner_1.0-17fakesync1_amd64.deb&quot;,8,False)" computerName="runnervmg1sw1" duration="00:00:00.0118001" startTime="2025-12-02T06:02:26.7204566+00:00" endTime="2025-12-02T06:02:26.7323591+00:00" testType="13CDC9D9-DDB5-4fa4-A97D-D965CCFC6D4B" outcome="Passed" testListId="8C84FA94-04C1-424b-9868-57A2D4851A1D" relativeResultsDirectory="969d8e86-baea-454d-808f-546a6ef5cc7f" />
    <UnitTestResult executionId="e0565ea9-059c-4d2b-a82e-a91c38098eac" testId="6285422a-c45c-70a9-4087-98e781032f55" testName="ExtractArchiveAndDisposeWhileEnumerating (&quot;TestData.a&quot;,3,False)" computerName="runnervmg1sw1" duration="00:00:00.0087051" startTime="2025-12-02T06:02:26.7324893+00:00" endTime="2025-12-02T06:02:26.7412954+00:00" testType="13CDC9D9-DDB5-4fa4-A97D-D965CCFC6D4B" outcome="Passed" testListId="8C84FA94-04C1-424b-9868-57A2D4851A1D" relativeResultsDirectory="e0565ea9-059c-4d2b-a82e-a91c38098eac" />
    <UnitTestResult executionId="4ba1e8a3-cec9-4c05-a307-2cfd82cfbf74" testId="64b3d8e3-8387-9b54-0926-f0b4a807b85e" testName="ExtractArchiveAndDisposeWhileEnumerating (&quot;TestData.bsd.ar&quot;,3,False)" computerName="runnervmg1sw1" duration="00:00:00.0019054" startTime="2025-12-02T06:02:26.7413726+00:00" endTime="2025-12-02T06:02:26.7433780+00:00" testType="13CDC9D9-DDB5-4fa4-A97D-D965CCFC6D4B" outcome="Passed" testListId="8C84FA94-04C1-424b-9868-57A2D4851A1D" relativeResultsDirectory="4ba1e8a3-cec9-4c05-a307-2cfd82cfbf74" />
    <UnitTestResult executionId="2c1691a8-031b-4d65-929b-dc9c4a49d408" testId="4795bb1a-0663-7e08-7347-784f9dbec69e" testName="ExtractArchiveAndDisposeWhileEnumerating (&quot;TestData.iso&quot;,3,False)" computerName="runnervmg1sw1" duration="00:00:00.0377474" startTime="2025-12-02T06:02:26.7434762+00:00" endTime="2025-12-02T06:02:26.7813059+00:00" testType="13CDC9D9-DDB5-4fa4-A97D-D965CCFC6D4B" outcome="Passed" testListId="8C84FA94-04C1-424b-9868-57A2D4851A1D" relativeResultsDirectory="2c1691a8-031b-4d65-929b-dc9c4a49d408" />
    <UnitTestResult executionId="4db01382-8de7-4127-ba9e-a73a9d63bf3d" testId="e552287d-65a2-b443-4c6d-e11daeac4a3e" testName="ExtractArchiveAndDisposeWhileEnumerating (&quot;TestData.vhdx&quot;,3,False)" computerName="runnervmg1sw1" duration="00:00:00.1294035" startTime="2025-12-02T06:02:26.7814020+00:00" endTime="2025-12-02T06:02:26.9109430+00:00" testType="13CDC9D9-DDB5-4fa4-A97D-D965CCFC6D4B" outcome="Passed" testListId="8C84FA94-04C1-424b-9868-57A2D4851A1D" relativeResultsDirectory="4db01382-8de7-4127-ba9e-a73a9d63bf3d" />
    <UnitTestResult executionId="111ec605-5dd1-4986-99fe-5a11dc3e9bee" testId="3b4f7832-a2a3-df09-33ed-e46b2db64356" testName="ExtractArchiveAndDisposeWhileEnumerating (&quot;TestData.wim&quot;,3,False)" computerName="runnervmg1sw1" duration="00:00:00.0015769" startTime="2025-12-02T06:02:26.9110735+00:00" endTime="2025-12-02T06:02:26.9127786+00:00" testType="13CDC9D9-DDB5-4fa4-A97D-D965CCFC6D4B" outcome="Failed" testListId="8C84FA94-04C1-424b-9868-57A2D4851A1D" relativeResultsDirectory="111ec605-5dd1-4986-99fe-5a11dc3e9bee">
      <Output>
        <ErrorInfo>
          <Message>Assert.AreEqual failed. Expected:&lt;3&gt;. Actual:&lt;1&gt;. </Message>
          <StackTrace>   at RecursiveExtractor.Tests.ExtractorTests.DisposeBehaviorTests.ExtractArchiveAndDisposeWhileEnumerating(String fileName, Int32 expectedNumFiles, Boolean parallel) in /home/runner/work/RecursiveExtractor/RecursiveExtractor/RecursiveExtractor.Tests/ExtractorTests/DisposeBehaviorTests.cs:line 63
   at InvokeStub_DisposeBehaviorTests.ExtractArchiveAndDisposeWhileEnumerating(Object, Span`1)
   at System.Reflection.MethodBaseInvoker.InvokeWithFewArgs(Object obj, BindingFlags invokeAttr, Binder binder, Object[] parameters, CultureInfo culture)
</StackTrace>
        </ErrorInfo>
      </Output>
    </UnitTestResult>
    <UnitTestResult executionId="92f2f06f-08ac-4d6b-9f0f-2f21d399959a" testId="1c88622a-545f-c22f-039b-24bc8ed86071" testName="ExtractArchiveAndDisposeWhileEnumerating (&quot;EmptyFile.txt&quot;,1,False)" computerName="runnervmg1sw1" duration="00:00:00.0016479" startTime="2025-12-02T06:02:26.9128492+00:00" endTime="2025-12-02T06:02:26.9145868+00:00" testType="13CDC9D9-DDB5-4fa4-A97D-D965CCFC6D4B" outcome="Passed" testListId="8C84FA94-04C1-424b-9868-57A2D4851A1D" relativeResultsDirectory="92f2f06f-08ac-4d6b-9f0f-2f21d399959a" />
    <UnitTestResult executionId="fccc8f15-1da2-44c7-a6fa-4fe135c3b830" testId="03b473e2-b067-0756-da85-14976226b8aa" testName="ExtractArchiveAndDisposeWhileEnumerating (&quot;TestData.zip&quot;,5,True)" computerName="runnervmg1sw1" duration="00:00:00.0216874" startTime="2025-12-02T06:02:26.9146641+00:00" endTime="2025-12-02T06:02:26.9364724+00:00" testType="13CDC9D9-DDB5-4fa4-A97D-D965CCFC6D4B" outcome="Passed" testListId="8C84FA94-04C1-424b-9868-57A2D4851A1D" relativeResultsDirectory="fccc8f15-1da2-44c7-a6fa-4fe135c3b830" />
    <UnitTestResult executionId="57839dd4-b441-473c-b358-129e9eb0bc7e" testId="5194838e-2bbd-c94a-391d-4b3aea7cf9e5" testName="ExtractArchiveAndDisposeWhileEnumerating (&quot;TestData.7z&quot;,3,True)" computerName="runnervmg1sw1" duration="00:00:00.0106260" startTime="2025-12-02T06:02:26.9365615+00:00" endTime="2025-12-02T06:02:26.9472807+00:00" testType="13CDC9D9-DDB5-4fa4-A97D-D965CCFC6D4B" outcome="Passed" testListId="8C84FA94-04C1-424b-9868-57A2D4851A1D" relativeResultsDirectory="57839dd4-b441-473c-b358-129e9eb0bc7e" />
    <UnitTestResult executionId="a991b011-c799-4d1d-9140-24a48872701f" testId="c051980d-d00a-b72a-e914-9fc09b2f9d6a" testName="ExtractArchiveAndDisposeWhileEnumerating (&quot;TestData.tar&quot;,6,True)" computerName="runnervmg1sw1" duration="00:00:00.0014954" startTime="2025-12-02T06:02:26.9473538+00:00" endTime="2025-12-02T06:02:26.9489621+00:00" testType="13CDC9D9-DDB5-4fa4-A97D-D965CCFC6D4B" outcome="Passed" testListId="8C84FA94-04C1-424b-9868-57A2D4851A1D" relativeResultsDirectory="a991b011-c799-4d1d-9140-24a48872701f" />
    <UnitTestResult executionId="892bb8c7-ce6d-4017-9092-5c20fdf57132" testId="275b0aba-0094-75e4-4fe2-1170c421ceed" testName="ExtractArchiveAndDisposeWhileEnumerating (&quot;TestData.rar&quot;,3,True)" computerName="runnervmg1sw1" duration="00:00:00.0028736" startTime="2025-12-02T06:02:26.9490385+00:00" endTime="2025-12-02T06:02:26.9519921+00:00" testType="13CDC9D9-DDB5-4fa4-A97D-D965CCFC6D4B" outcome="Passed" testListId="8C84FA94-04C1-424b-9868-57A2D4851A1D" relativeResultsDirectory="892bb8c7-ce6d-4017-9092-5c20fdf57132" />
    <UnitTestResult executionId="157ca9b3-9757-48b5-b7f2-810f1430dabb" testId="764cc3c6-5611-09ad-ee14-3b428c49f158" testName="ExtractArchiveAndDisposeWhileEnumerating (&quot;TestData.rar4&quot;,3,True)" computerName="runnervmg1sw1" duration="00:00:00.0020487" startTime="2025-12-02T06:02:26.9520589+00:00" endTime="2025-12-02T06:02:26.9541877+00:00" testType="13CDC9D9-DDB5-4fa4-A97D-D965CCFC6D4B" outcome="Passed" testListId="8C84FA94-04C1-424b-9868-57A2D4851A1D" relativeResultsDirectory="157ca9b3-9757-48b5-b7f2-810f1430dabb" />
    <UnitTestResult executionId="24a102f3-8c66-40b1-8505-0a23a536e333" testId="129110c2-518b-d219-b6ab-45203b620407" testName="ExtractArchiveAndDisposeWhileEnumerating (&quot;TestData.tar.bz2&quot;,6,True)" computerName="runnervmg1sw1" duration="00:00:00.0031451" startTime="2025-12-02T06:02:26.9542628+00:00" endTime="2025-12-02T06:02:26.9574864+00:00" testType="13CDC9D9-DDB5-4fa4-A97D-D965CCFC6D4B" outcome="Passed" testListId="8C84FA94-04C1-424b-9868-57A2D4851A1D" relativeResultsDirectory="24a102f3-8c66-40b1-8505-0a23a536e333" />
    <UnitTestResult executionId="066cf05c-c7da-4c72-95a3-0df8ab3b3f95" testId="8ba7223b-a7d8-ef9f-c61f-2cf7e2b2271a" testName="ExtractArchiveAndDisposeWhileEnumerating (&quot;TestData.tar.gz&quot;,6,True)" computerName="runnervmg1sw1" duration="00:00:00.0017349" startTime="2025-12-02T06:02:26.9575612+00:00" endTime="2025-12-02T06:02:26.9593742+00:00" testType="13CDC9D9-DDB5-4fa4-A97D-D965CCFC6D4B" outcome="Passed" testListId="8C84FA94-04C1-424b-9868-57A2D4851A1D" relativeResultsDirectory="066cf05c-c7da-4c72-95a3-0df8ab3b3f95" />
    <UnitTestResult executionId="7f9574b2-dbf4-4d02-99e1-d52b2faebd24" testId="15b0bc33-4bf2-11d8-9adf-82f4b84e25f7" testName="ExtractArchiveAndDisposeWhileEnumerating (&quot;TestData.tar.xz&quot;,3,True)" computerName="runnervmg1sw1" duration="00:00:00.0023535" startTime="2025-12-02T06:02:26.9594584+00:00" endTime="2025-12-02T06:02:26.9618922+00:00" testType="13CDC9D9-DDB5-4fa4-A97D-D965CCFC6D4B" outcome="Passed" testListId="8C84FA94-04C1-424b-9868-57A2D4851A1D" relativeResultsDirectory="7f9574b2-dbf4-4d02-99e1-d52b2faebd24" />
    <UnitTestResult executionId="0b516aba-c238-490a-8cac-03a857ff5fcd" testId="d3e3efa6-e269-f3c5-a6f2-d4d6ad06cc88" testName="ExtractArchiveAndDisposeWhileEnumerating (&quot;sysvbanner_1.0-17fakesync1_amd64.deb&quot;,8,True)" computerName="runnervmg1sw1" duration="00:00:00.0038613" startTime="2025-12-02T06:02:26.9619667+00:00" endTime="2025-12-02T06:02:26.9659066+00:00" testType="13CDC9D9-DDB5-4fa4-A97D-D965CCFC6D4B" outcome="Passed" testListId="8C84FA94-04C1-424b-9868-57A2D4851A1D" relativeResultsDirectory="0b516aba-c238-490a-8cac-03a857ff5fcd" />
    <UnitTestResult executionId="dad92fac-49e5-464a-ba2c-550ce695a7fd" testId="1cebd608-a982-12da-cbb6-3db1591665bd" testName="ExtractArchiveAndDisposeWhileEnumerating (&quot;TestData.a&quot;,3,True)" computerName="runnervmg1sw1" duration="00:00:00.0012334" startTime="2025-12-02T06:02:26.9659723+00:00" endTime="2025-12-02T06:02:26.9672854+00:00" testType="13CDC9D9-DDB5-4fa4-A97D-D965CCFC6D4B" outcome="Passed" testListId="8C84FA94-04C1-424b-9868-57A2D4851A1D" relativeResultsDirectory="dad92fac-49e5-464a-ba2c-550ce695a7fd" />
    <UnitTestResult executionId="1d9adf67-cc41-48e5-91b6-88b31efae893" testId="6ebc4689-fb42-d2b7-e62f-9ed4c22b7074" testName="ExtractArchiveAndDisposeWhileEnumerating (&quot;TestData.bsd.ar&quot;,3,True)" computerName="runnervmg1sw1" duration="00:00:00.0013433" startTime="2025-12-02T06:02:26.9673588+00:00" endTime="2025-12-02T06:02:26.9687807+00:00" testType="13CDC9D9-DDB5-4fa4-A97D-D965CCFC6D4B" outcome="Passed" testListId="8C84FA94-04C1-424b-9868-57A2D4851A1D" relativeResultsDirectory="1d9adf67-cc41-48e5-91b6-88b31efae893" />
    <UnitTestResult executionId="7ce13e7c-8097-41f1-8ce2-1d0c72aa0881" testId="c23505e4-1ad6-c6cc-790f-9a497546f8f2" testName="ExtractArchiveAndDisposeWhileEnumerating (&quot;TestData.iso&quot;,3,True)" computerName="runnervmg1sw1" duration="00:00:00.0015644" startTime="2025-12-02T06:02:26.9688552+00:00" endTime="2025-12-02T06:02:26.9704980+00:00" testType="13CDC9D9-DDB5-4fa4-A97D-D965CCFC6D4B" outcome="Passed" testListId="8C84FA94-04C1-424b-9868-57A2D4851A1D" relativeResultsDirectory="7ce13e7c-8097-41f1-8ce2-1d0c72aa0881" />
    <UnitTestResult executionId="d2e5caa2-88b9-45ae-ab43-f647caaa842c" testId="19b866a8-2adc-cd37-5aff-efb24aae6312" testName="ExtractArchiveAndDisposeWhileEnumerating (&quot;TestData.vhdx&quot;,3,True)" computerName="runnervmg1sw1" duration="00:00:00.0261084" startTime="2025-12-02T06:02:26.9705603+00:00" endTime="2025-12-02T06:02:26.9967642+00:00" testType="13CDC9D9-DDB5-4fa4-A97D-D965CCFC6D4B" outcome="Passed" testListId="8C84FA94-04C1-424b-9868-57A2D4851A1D" relativeResultsDirectory="d2e5caa2-88b9-45ae-ab43-f647caaa842c" />
    <UnitTestResult executionId="fae93dbd-0722-40f4-b870-89fa12a3d95e" testId="bc33a381-e90e-1960-5f1c-b7c4f49458c3" testName="ExtractArchiveAndDisposeWhileEnumerating (&quot;TestData.wim&quot;,3,True)" computerName="runnervmg1sw1" duration="00:00:00.0015620" startTime="2025-12-02T06:02:26.9968878+00:00" endTime="2025-12-02T06:02:26.9985825+00:00" testType="13CDC9D9-DDB5-4fa4-A97D-D965CCFC6D4B" outcome="Failed" testListId="8C84FA94-04C1-424b-9868-57A2D4851A1D" relativeResultsDirectory="fae93dbd-0722-40f4-b870-89fa12a3d95e">
      <Output>
        <ErrorInfo>
          <Message>Assert.AreEqual failed. Expected:&lt;3&gt;. Actual:&lt;1&gt;. </Message>
          <StackTrace>   at RecursiveExtractor.Tests.ExtractorTests.DisposeBehaviorTests.ExtractArchiveAndDisposeWhileEnumerating(String fileName, Int32 expectedNumFiles, Boolean parallel) in /home/runner/work/RecursiveExtractor/RecursiveExtractor/RecursiveExtractor.Tests/ExtractorTests/DisposeBehaviorTests.cs:line 63
   at InvokeStub_DisposeBehaviorTests.ExtractArchiveAndDisposeWhileEnumerating(Object, Span`1)
   at System.Reflection.MethodBaseInvoker.InvokeWithFewArgs(Object obj, BindingFlags invokeAttr, Binder binder, Object[] parameters, CultureInfo culture)
</StackTrace>
        </ErrorInfo>
      </Output>
    </UnitTestResult>
    <UnitTestResult executionId="dfe20876-7ad6-4a09-a5a3-85f7d54c5e69" testId="9a7d2702-319d-7df5-3425-362e90eb8814" testName="ExtractArchiveAndDisposeWhileEnumerating (&quot;EmptyFile.txt&quot;,1,True)" computerName="runnervmg1sw1" duration="00:00:00.0015859" startTime="2025-12-02T06:02:26.9986569+00:00" endTime="2025-12-02T06:02:27.0003209+00:00" testType="13CDC9D9-DDB5-4fa4-A97D-D965CCFC6D4B" outcome="Passed" testListId="8C84FA94-04C1-424b-9868-57A2D4851A1D" relativeResultsDirectory="dfe20876-7ad6-4a09-a5a3-85f7d54c5e69" />
    <UnitTestResult executionId="7eb7b78c-8d5d-4588-9064-5b9d3d185f64" testId="530fedbe-4d39-e8d7-4abb-f89c73cd6cd4" testName="ExtractArchiveAndDisposeWhileEnumerating (&quot;TestDataArchivesNested.Zip&quot;,54,True)" computerName="runnervmg1sw1" duration="00:00:00.0015315" startTime="2025-12-02T06:02:27.0003939+00:00" endTime="2025-12-02T06:02:27.0020252+00:00" testType="13CDC9D9-DDB5-4fa4-A97D-D965CCFC6D4B" outcome="Failed" testListId="8C84FA94-04C1-424b-9868-57A2D4851A1D" relativeResultsDirectory="7eb7b78c-8d5d-4588-9064-5b9d3d185f64">
      <Output>
        <ErrorInfo>
          <Message>Assert.AreEqual failed. Expected:&lt;54&gt;. Actual:&lt;0&gt;. </Message>
          <StackTrace>   at RecursiveExtractor.Tests.ExtractorTests.DisposeBehaviorTests.ExtractArchiveAndDisposeWhileEnumerating(String fileName, Int32 expectedNumFiles, Boolean parallel) in /home/runner/work/RecursiveExtractor/RecursiveExtractor/RecursiveExtractor.Tests/ExtractorTests/DisposeBehaviorTests.cs:line 63
   at InvokeStub_DisposeBehaviorTests.ExtractArchiveAndDisposeWhileEnumerating(Object, Span`1)
   at System.Reflection.MethodBaseInvoker.InvokeWithFewArgs(Object obj, BindingFlags invokeAttr, Binder binder, Object[] parameters, CultureInfo culture)
</StackTrace>
        </ErrorInfo>
      </Output>
    </UnitTestResult>
    <UnitTestResult executionId="6ad39998-ca9d-4dcf-9130-06285e9ae4f0" testId="c4a8dde0-54c9-4fd2-ef66-d8df8b8986e7" testName="ExtractArchiveAndDisposeWhileEnumerating (&quot;TestDataArchivesNested.Zip&quot;,54,False)" computerName="runnervmg1sw1" duration="00:00:00.0017650" startTime="2025-12-02T06:02:27.0021014+00:00" endTime="2025-12-02T06:02:27.0039470+00:00" testType="13CDC9D9-DDB5-4fa4-A97D-D965CCFC6D4B" outcome="Failed" testListId="8C84FA94-04C1-424b-9868-57A2D4851A1D" relativeResultsDirectory="6ad39998-ca9d-4dcf-9130-06285e9ae4f0">
      <Output>
        <ErrorInfo>
          <Message>Assert.AreEqual failed. Expected:&lt;54&gt;. Actual:&lt;0&gt;. </Message>
          <StackTrace>   at RecursiveExtractor.Tests.ExtractorTests.DisposeBehaviorTests.ExtractArchiveAndDisposeWhileEnumerating(String fileName, Int32 expectedNumFiles, Boolean parallel) in /home/runner/work/RecursiveExtractor/RecursiveExtractor/RecursiveExtractor.Tests/ExtractorTests/DisposeBehaviorTests.cs:line 63
   at InvokeStub_DisposeBehaviorTests.ExtractArchiveAndDisposeWhileEnumerating(Object, Span`1)
   at System.Reflection.MethodBaseInvoker.InvokeWithFewArgs(Object obj, BindingFlags invokeAttr, Binder binder, Object[] parameters, CultureInfo culture)
</StackTrace>
        </ErrorInfo>
      </Output>
    </UnitTestResult>
    <UnitTestResult executionId="7a3cdf86-753e-4033-95e6-0e79168c7875" testId="530fedbe-4d39-e8d7-4abb-f89c73cd6cd4" testName="ExtractArchiveAndDisposeWhileEnumerating (&quot;TestDataArchivesNested.Zip&quot;,54,True)" computerName="runnervmg1sw1" duration="00:00:00.0016208" startTime="2025-12-02T06:02:27.0040220+00:00" endTime="2025-12-02T06:02:27.0057231+00:00" testType="13CDC9D9-DDB5-4fa4-A97D-D965CCFC6D4B" outcome="Failed" testListId="8C84FA94-04C1-424b-9868-57A2D4851A1D" relativeResultsDirectory="7a3cdf86-753e-4033-95e6-0e79168c7875">
      <Output>
        <ErrorInfo>
          <Message>Assert.AreEqual failed. Expected:&lt;54&gt;. Actual:&lt;0&gt;. </Message>
          <StackTrace>   at RecursiveExtractor.Tests.ExtractorTests.DisposeBehaviorTests.ExtractArchiveAndDisposeWhileEnumerating(String fileName, Int32 expectedNumFiles, Boolean parallel) in /home/runner/work/RecursiveExtractor/RecursiveExtractor/RecursiveExtractor.Tests/ExtractorTests/DisposeBehaviorTests.cs:line 63
   at InvokeStub_DisposeBehaviorTests.ExtractArchiveAndDisposeWhileEnumerating(Object, Span`1)
   at System.Reflection.MethodBaseInvoker.InvokeWithFewArgs(Object obj, BindingFlags invokeAttr, Binder binder, Object[] parameters, CultureInfo culture)
</StackTrace>
        </ErrorInfo>
      </Output>
    </UnitTestResult>
    <UnitTestResult executionId="ddf51400-21b9-479c-a391-d153003d3c44" testId="c4a8dde0-54c9-4fd2-ef66-d8df8b8986e7" testName="ExtractArchiveAndDisposeWhileEnumerating (&quot;TestDataArchivesNested.Zip&quot;,54,False)" computerName="runnervmg1sw1" duration="00:00:00.0016527" startTime="2025-12-02T06:02:27.0057974+00:00" endTime="2025-12-02T06:02:27.0075284+00:00" testType="13CDC9D9-DDB5-4fa4-A97D-D965CCFC6D4B" outcome="Failed" testListId="8C84FA94-04C1-424b-9868-57A2D4851A1D" relativeResultsDirectory="ddf51400-21b9-479c-a391-d153003d3c44">
      <Output>
        <ErrorInfo>
          <Message>Assert.AreEqual failed. Expected:&lt;54&gt;. Actual:&lt;0&gt;. </Message>
          <StackTrace>   at RecursiveExtractor.Tests.ExtractorTests.DisposeBehaviorTests.ExtractArchiveAndDisposeWhileEnumerating(String fileName, Int32 expectedNumFiles, Boolean parallel) in /home/runner/work/RecursiveExtractor/RecursiveExtractor/RecursiveExtractor.Tests/ExtractorTests/DisposeBehaviorTests.cs:line 63
   at InvokeStub_DisposeBehaviorTests.ExtractArchiveAndDisposeWhileEnumerating(Object, Span`1)
   at System.Reflection.MethodBaseInvoker.InvokeWithFewArgs(Object obj, BindingFlags invokeAttr, Binder binder, Object[] parameters, CultureInfo culture)
</StackTrace>
        </ErrorInfo>
      </Output>
    </UnitTestResult>
    <UnitTestResult executionId="a528f122-1707-4eb2-90d0-b08f846b9a31" testId="728dbfce-4714-f5ed-40c5-6e647f672475" testName="ExtractArchiveAndDisposeWhileEnumeratingAsync (&quot;TestData.7z&quot;,3,False)" computerName="runnervmg1sw1" duration="00:00:00.0141155" startTime="2025-12-02T06:02:27.0076006+00:00" endTime="2025-12-02T06:02:27.0257227+00:00" testType="13CDC9D9-DDB5-4fa4-A97D-D965CCFC6D4B" outcome="Passed" testListId="8C84FA94-04C1-424b-9868-57A2D4851A1D" relativeResultsDirectory="a528f122-1707-4eb2-90d0-b08f846b9a31" />
    <UnitTestResult executionId="7eb6afb0-9074-402f-865c-92ffc06a9a54" testId="35483631-8147-960f-e0c3-1a3e80c1ec89" testName="ExtractArchiveAndDisposeWhileEnumeratingAsync (&quot;TestData.tar&quot;,6,False)" computerName="runnervmg1sw1" duration="00:00:00.0071369" startTime="2025-12-02T06:02:27.0264757+00:00" endTime="2025-12-02T06:02:27.0337075+00:00" testType="13CDC9D9-DDB5-4fa4-A97D-D965CCFC6D4B" outcome="Passed" testListId="8C84FA94-04C1-424b-9868-57A2D4851A1D" relativeResultsDirectory="7eb6afb0-9074-402f-865c-92ffc06a9a54" />
    <UnitTestResult executionId="0e025817-181e-400f-a9e3-f4cec70860be" testId="1c2ef279-5948-9f8d-5b94-cde91a1657ec" testName="ExtractArchiveAndDisposeWhileEnumeratingAsync (&quot;TestData.rar&quot;,3,False)" computerName="runnervmg1sw1" duration="00:00:00.0050568" startTime="2025-12-02T06:02:27.0337851+00:00" endTime="2025-12-02T06:02:27.0389536+00:00" testType="13CDC9D9-DDB5-4fa4-A97D-D965CCFC6D4B" outcome="Passed" testListId="8C84FA94-04C1-424b-9868-57A2D4851A1D" relativeResultsDirectory="0e025817-181e-400f-a9e3-f4cec70860be" />
    <UnitTestResult executionId="73749e40-64bd-4d41-be60-7320f2fab4b3" testId="25d5d07b-9614-619e-1ae4-1185cc92c12f" testName="ExtractArchiveAndDisposeWhileEnumeratingAsync (&quot;TestData.rar4&quot;,3,False)" computerName="runnervmg1sw1" duration="00:00:00.0025953" startTime="2025-12-02T06:02:27.0390253+00:00" endTime="2025-12-02T06:02:27.0417111+00:00" testType="13CDC9D9-DDB5-4fa4-A97D-D965CCFC6D4B" outcome="Passed" testListId="8C84FA94-04C1-424b-9868-57A2D4851A1D" relativeResultsDirectory="73749e40-64bd-4d41-be60-7320f2fab4b3" />
    <UnitTestResult executionId="31f1d3c6-89bb-4017-821d-3c8f0ca4441a" testId="d6870caa-c138-dacd-8981-87329c49bf11" testName="ExtractArchiveAndDisposeWhileEnumeratingAsync (&quot;TestData.tar.bz2&quot;,6,False)" computerName="runnervmg1sw1" duration="00:00:00.0060256" startTime="2025-12-02T06:02:27.0417857+00:00" endTime="2025-12-02T06:02:27.0480119+00:00" testType="13CDC9D9-DDB5-4fa4-A97D-D965CCFC6D4B" outcome="Passed" testListId="8C84FA94-04C1-424b-9868-57A2D4851A1D" relativeResultsDirectory="31f1d3c6-89bb-4017-821d-3c8f0ca4441a" />
    <UnitTestResult executionId="aca5109b-56d7-4dd3-ae41-fb4082753ca8" testId="a1d3189a-37bc-e20f-420b-bf4f4fd2ed82" testName="ExtractArchiveAndDisposeWhileEnumeratingAsync (&quot;TestData.tar.gz&quot;,6,False)" computerName="runnervmg1sw1" duration="00:00:00.0043381" startTime="2025-12-02T06:02:27.0480899+00:00" endTime="2025-12-02T06:02:27.0526343+00:00" testType="13CDC9D9-DDB5-4fa4-A97D-D965CCFC6D4B" outcome="Passed" testListId="8C84FA94-04C1-424b-9868-57A2D4851A1D" relativeResultsDirectory="aca5109b-56d7-4dd3-ae41-fb4082753ca8" />
    <UnitTestResult executionId="78813a90-8b40-4233-aa09-8cf59715409d" testId="ef31c201-0822-b931-1f20-ebb809c2eb88" testName="ExtractArchiveAndDisposeWhileEnumeratingAsync (&quot;TestData.tar.xz&quot;,3,False)" computerName="runnervmg1sw1" duration="00:00:00.0048953" startTime="2025-12-02T06:02:27.0528413+00:00" endTime="2025-12-02T06:02:27.0578242+00:00" testType="13CDC9D9-DDB5-4fa4-A97D-D965CCFC6D4B" outcome="Passed" testListId="8C84FA94-04C1-424b-9868-57A2D4851A1D" relativeResultsDirectory="78813a90-8b40-4233-aa09-8cf59715409d" />
    <UnitTestResult executionId="ad7c5848-3b98-4af4-a94e-98b78f0dc4a5" testId="2f79e49a-c73b-1594-f773-bc9fcc8307cf" testName="ExtractArchiveAndDisposeWhileEnumeratingAsync (&quot;sysvbanner_1.0-17fakesync1_amd64.deb&quot;,8,False)" computerName="runnervmg1sw1" duration="00:00:00.0081693" startTime="2025-12-02T06:02:27.0579062+00:00" endTime="2025-12-02T06:02:27.0661655+00:00" testType="13CDC9D9-DDB5-4fa4-A97D-D965CCFC6D4B" outcome="Passed" testListId="8C84FA94-04C1-424b-9868-57A2D4851A1D" relativeResultsDirectory="ad7c5848-3b98-4af4-a94e-98b78f0dc4a5" />
    <UnitTestResult executionId="1be9b8c2-82eb-417a-b2e8-2586bfca71ed" testId="050dfa7c-581f-1156-f1db-744bf19cd5cc" testName="ExtractArchiveAndDisposeWhileEnumeratingAsync (&quot;TestData.a&quot;,3,False)" computerName="runnervmg1sw1" duration="00:00:00.0078621" startTime="2025-12-02T06:02:27.0662562+00:00" endTime="2025-12-02T06:02:27.0742125+00:00" testType="13CDC9D9-DDB5-4fa4-A97D-D965CCFC6D4B" outcome="Passed" testListId="8C84FA94-04C1-424b-9868-57A2D4851A1D" relativeResultsDirectory="1be9b8c2-82eb-417a-b2e8-2586bfca71ed" />
    <UnitTestResult executionId="e0331f7e-1ccf-4abb-b732-156a00e22fa7" testId="382d1d10-aa6a-99c4-6dc6-9061fafa1955" testName="ExtractArchiveAndDisposeWhileEnumeratingAsync (&quot;TestData.bsd.ar&quot;,3,False)" computerName="runnervmg1sw1" duration="00:00:00.0018603" startTime="2025-12-02T06:02:27.0742974+00:00" endTime="2025-12-02T06:02:27.0762428+00:00" testType="13CDC9D9-DDB5-4fa4-A97D-D965CCFC6D4B" outcome="Passed" testListId="8C84FA94-04C1-424b-9868-57A2D4851A1D" relativeResultsDirectory="e0331f7e-1ccf-4abb-b732-156a00e22fa7" />
    <UnitTestResult executionId="3ae6e33e-455d-478a-a53e-a6042df8815a" testId="52a7ba8e-1f89-dad9-9963-3a9fa93153d9" testName="ExtractArchiveAndDisposeWhileEnumeratingAsync (&quot;TestData.iso&quot;,3,False)" computerName="runnervmg1sw1" duration="00:00:00.0081221" startTime="2025-12-02T06:02:27.0763204+00:00" endTime="2025-12-02T06:02:27.0845282+00:00" testType="13CDC9D9-DDB5-4fa4-A97D-D965CCFC6D4B" outcome="Passed" testListId="8C84FA94-04C1-424b-9868-57A2D4851A1D" relativeResultsDirectory="3ae6e33e-455d-478a-a53e-a6042df8815a" />
    <UnitTestResult executionId="7a7ce8e9-8c77-4f0d-8f79-f03dfd5123f4" testId="b07ef827-4dfc-e431-891b-ec291c12c190" testName="ExtractArchiveAndDisposeWhileEnumeratingAsync (&quot;TestData.vhdx&quot;,3,False)" computerName="runnervmg1sw1" duration="00:00:00.0300406" startTime="2025-12-02T06:02:27.0846152+00:00" endTime="2025-12-02T06:02:27.1147689+00:00" testType="13CDC9D9-DDB5-4fa4-A97D-D965CCFC6D4B" outcome="Passed" testListId="8C84FA94-04C1-424b-9868-57A2D4851A1D" relativeResultsDirectory="7a7ce8e9-8c77-4f0d-8f79-f03dfd5123f4" />
    <UnitTestResult executionId="bc28095d-82b4-43d4-b10e-e791c29b0fb9" testId="72f1f511-3363-6626-5e4f-1fd18e8cdf9a" testName="ExtractArchiveAndDisposeWhileEnumeratingAsync (&quot;TestData.wim&quot;,3,False)" computerName="runnervmg1sw1" duration="00:00:00.0030786" startTime="2025-12-02T06:02:27.1149021+00:00" endTime="2025-12-02T06:02:27.1181219+00:00" testType="13CDC9D9-DDB5-4fa4-A97D-D965CCFC6D4B" outcome="Failed" testListId="8C84FA94-04C1-424b-9868-57A2D4851A1D" relativeResultsDirectory="bc28095d-82b4-43d4-b10e-e791c29b0fb9">
      <Output>
        <ErrorInfo>
          <Message>Assert.AreEqual failed. Expected:&lt;3&gt;. Actual:&lt;1&gt;. </Message>
          <StackTrace>   at RecursiveExtractor.Tests.ExtractorTests.DisposeBehaviorTests.ExtractArchiveAndDisposeWhileEnumeratingAsync(String fileName, Int32 expectedNumFiles, Boolean parallel) in /home/runner/work/RecursiveExtractor/RecursiveExtractor/RecursiveExtractor.Tests/ExtractorTests/DisposeBehaviorTests.cs:line 119
</StackTrace>
        </ErrorInfo>
      </Output>
    </UnitTestResult>
    <UnitTestResult executionId="f78ff797-1888-4326-8060-01fe91ad8ddf" testId="238d5d94-6dd5-b2a2-33fc-5148400564c0" testName="ExtractArchiveAndDisposeWhileEnumeratingAsync (&quot;EmptyFile.txt&quot;,1,False)" computerName="runnervmg1sw1" duration="00:00:00.0023373" startTime="2025-12-02T06:02:27.1182046+00:00" endTime="2025-12-02T06:02:27.1206285+00:00" testType="13CDC9D9-DDB5-4fa4-A97D-D965CCFC6D4B" outcome="Passed" testListId="8C84FA94-04C1-424b-9868-57A2D4851A1D" relativeResultsDirectory="f78ff797-1888-4326-8060-01fe91ad8ddf" />
    <UnitTestResult executionId="fcca418d-5fa7-4dba-ab43-c32d0508831e" testId="b34988d4-25a4-2e19-cb84-57fcc223bc4d" testName="ExtractArchiveAndDisposeWhileEnumeratingAsync (&quot;TestData.zip&quot;,5,True)" computerName="runnervmg1sw1" duration="00:00:00.0085888" startTime="2025-12-02T06:02:27.1207086+00:00" endTime="2025-12-02T06:02:27.1293831+00:00" testType="13CDC9D9-DDB5-4fa4-A97D-D965CCFC6D4B" outcome="Passed" testListId="8C84FA94-04C1-424b-9868-57A2D4851A1D" relativeResultsDirectory="fcca418d-5fa7-4dba-ab43-c32d0508831e" />
    <UnitTestResult executionId="f599ff03-792c-4d23-8cf9-16b21fb36013" testId="76a4c74e-716f-aef0-a0a3-aac46c6dc1e1" testName="ExtractArchiveAndDisposeWhileEnumeratingAsync (&quot;TestData.7z&quot;,3,True)" computerName="runnervmg1sw1" duration="00:00:00.0037349" startTime="2025-12-02T06:02:27.1294875+00:00" endTime="2025-12-02T06:02:27.1333133+00:00" testType="13CDC9D9-DDB5-4fa4-A97D-D965CCFC6D4B" outcome="Passed" testListId="8C84FA94-04C1-424b-9868-57A2D4851A1D" relativeResultsDirectory="f599ff03-792c-4d23-8cf9-16b21fb36013" />
    <UnitTestResult executionId="ba8af9a6-9e8a-43c3-92b1-4f274a8264a5" testId="44ea7ac3-848b-d3b4-ddd1-bebf0da36989" testName="ExtractArchiveAndDisposeWhileEnumeratingAsync (&quot;TestData.tar&quot;,6,True)" computerName="runnervmg1sw1" duration="00:00:00.0018473" startTime="2025-12-02T06:02:27.1333915+00:00" endTime="2025-12-02T06:02:27.1353419+00:00" testType="13CDC9D9-DDB5-4fa4-A97D-D965CCFC6D4B" outcome="Passed" testListId="8C84FA94-04C1-424b-9868-57A2D4851A1D" relativeResultsDirectory="ba8af9a6-9e8a-43c3-92b1-4f274a8264a5" />
    <UnitTestResult executionId="1c4cfd89-d5df-4a6c-84f7-418cb3976c10" testId="559d3bbb-834a-e90b-9e89-0e7017cd2f97" testName="ExtractArchiveAndDisposeWhileEnumeratingAsync (&quot;TestData.rar&quot;,3,True)" computerName="runnervmg1sw1" duration="00:00:00.0026422" startTime="2025-12-02T06:02:27.1354183+00:00" endTime="2025-12-02T06:02:27.1381646+00:00" testType="13CDC9D9-DDB5-4fa4-A97D-D965CCFC6D4B" outcome="Passed" testListId="8C84FA94-04C1-424b-9868-57A2D4851A1D" relativeResultsDirectory="1c4cfd89-d5df-4a6c-84f7-418cb3976c10" />
    <UnitTestResult executionId="e688f230-c456-4a0e-be33-c27d2aab8d50" testId="1f048d32-2c2d-338d-1631-c8833a84a0d9" testName="ExtractArchiveAndDisposeWhileEnumeratingAsync (&quot;TestData.rar4&quot;,3,True)" computerName="runnervmg1sw1" duration="00:00:00.0024742" startTime="2025-12-02T06:02:27.1382439+00:00" endTime="2025-12-02T06:02:27.1408033+00:00" testType="13CDC9D9-DDB5-4fa4-A97D-D965CCFC6D4B" outcome="Passed" testListId="8C84FA94-04C1-424b-9868-57A2D4851A1D" relativeResultsDirectory="e688f230-c456-4a0e-be33-c27d2aab8d50" />
    <UnitTestResult executionId="010a4f30-75d2-4f6a-ae8a-f570d72bebc3" testId="13fcce66-250d-82af-a86f-4125a42e63a9" testName="ExtractArchiveAndDisposeWhileEnumeratingAsync (&quot;TestData.tar.bz2&quot;,6,True)" computerName="runnervmg1sw1" duration="00:00:00.0037925" startTime="2025-12-02T06:02:27.1408823+00:00" endTime="2025-12-02T06:02:27.1447571+00:00" testType="13CDC9D9-DDB5-4fa4-A97D-D965CCFC6D4B" outcome="Passed" testListId="8C84FA94-04C1-424b-9868-57A2D4851A1D" relativeResultsDirectory="010a4f30-75d2-4f6a-ae8a-f570d72bebc3" />
    <UnitTestResult executionId="7971b9fd-1530-48af-89b9-c3a760b04e99" testId="774a26fa-bd7a-cd90-d502-04757418efb2" testName="ExtractArchiveAndDisposeWhileEnumeratingAsync (&quot;TestData.tar.gz&quot;,6,True)" computerName="runnervmg1sw1" duration="00:00:00.0021171" startTime="2025-12-02T06:02:27.1448347+00:00" endTime="2025-12-02T06:02:27.1470353+00:00" testType="13CDC9D9-DDB5-4fa4-A97D-D965CCFC6D4B" outcome="Passed" testListId="8C84FA94-04C1-424b-9868-57A2D4851A1D" relativeResultsDirectory="7971b9fd-1530-48af-89b9-c3a760b04e99" />
    <UnitTestResult executionId="cec3abd6-68b6-4ae3-b05c-064d923044fe" testId="6b42c3bc-1680-6d67-0ecf-1b1f364b8735" testName="ExtractArchiveAndDisposeWhileEnumeratingAsync (&quot;TestData.tar.xz&quot;,3,True)" computerName="runnervmg1sw1" duration="00:00:00.0026600" startTime="2025-12-02T06:02:27.1471120+00:00" endTime="2025-12-02T06:02:27.1498540+00:00" testType="13CDC9D9-DDB5-4fa4-A97D-D965CCFC6D4B" outcome="Passed" testListId="8C84FA94-04C1-424b-9868-57A2D4851A1D" relativeResultsDirectory="cec3abd6-68b6-4ae3-b05c-064d923044fe" />
    <UnitTestResult executionId="12d92efc-4f24-494c-af13-0e388c33c6d3" testId="849627fe-fc8a-558f-3dc7-541b8e9bf217" testName="ExtractArchiveAndDisposeWhileEnumeratingAsync (&quot;sysvbanner_1.0-17fakesync1_amd64.deb&quot;,8,True)" computerName="runnervmg1sw1" duration="00:00:00.0065593" startTime="2025-12-02T06:02:27.1499325+00:00" endTime="2025-12-02T06:02:27.1565769+00:00" testType="13CDC9D9-DDB5-4fa4-A97D-D965CCFC6D4B" outcome="Passed" testListId="8C84FA94-04C1-424b-9868-57A2D4851A1D" relativeResultsDirectory="12d92efc-4f24-494c-af13-0e388c33c6d3" />
    <UnitTestResult executionId="da222bc0-c8c5-40b4-b8f3-1611fc7ce6f9" testId="f035b20f-9a09-252b-11ee-3d42f44a52d6" testName="ExtractArchiveAndDisposeWhileEnumeratingAsync (&quot;TestData.a&quot;,3,True)" computerName="runnervmg1sw1" duration="00:00:00.0023791" startTime="2025-12-02T06:02:27.1566799+00:00" endTime="2025-12-02T06:02:27.1591561+00:00" testType="13CDC9D9-DDB5-4fa4-A97D-D965CCFC6D4B" outcome="Passed" testListId="8C84FA94-04C1-424b-9868-57A2D4851A1D" relativeResultsDirectory="da222bc0-c8c5-40b4-b8f3-1611fc7ce6f9" />
    <UnitTestResult executionId="4391f59e-53af-46ba-be70-5d1b57fed71f" testId="5697d904-5551-a935-f337-d8f34de4544f" testName="ExtractArchiveAndDisposeWhileEnumeratingAsync (&quot;TestData.bsd.ar&quot;,3,True)" computerName="runnervmg1sw1" duration="00:00:00.0018081" startTime="2025-12-02T06:02:27.1592372+00:00" endTime="2025-12-02T06:02:27.1611297+00:00" testType="13CDC9D9-DDB5-4fa4-A97D-D965CCFC6D4B" outcome="Passed" testListId="8C84FA94-04C1-424b-9868-57A2D4851A1D" relativeResultsDirectory="4391f59e-53af-46ba-be70-5d1b57fed71f" />
    <UnitTestResult executionId="58de5571-961a-4dd9-9d23-b2259dab269b" testId="3f245ea3-2392-ad07-e5d1-fe69e9d829c0" testName="ExtractArchiveAndDisposeWhileEnumeratingAsync (&quot;TestData.iso&quot;,3,True)" computerName="runnervmg1sw1" duration="00:00:00.0019746" startTime="2025-12-02T06:02:27.1612071+00:00" endTime="2025-12-02T06:02:27.1632638+00:00" testType="13CDC9D9-DDB5-4fa4-A97D-D965CCFC6D4B" outcome="Passed" testListId="8C84FA94-04C1-424b-9868-57A2D4851A1D" relativeResultsDirectory="58de5571-961a-4dd9-9d23-b2259dab269b" />
    <UnitTestResult executionId="b9f7184e-3578-4c42-87f1-882a905bbdf6" testId="2a30bc2c-a5dc-5d02-fdea-f9d610ce3eca" testName="ExtractArchiveAndDisposeWhileEnumeratingAsync (&quot;TestData.vhdx&quot;,3,True)" computerName="runnervmg1sw1" duration="00:00:00.0235169" startTime="2025-12-02T06:02:27.1633456+00:00" endTime="2025-12-02T06:02:27.1869631+00:00" testType="13CDC9D9-DDB5-4fa4-A97D-D965CCFC6D4B" outcome="Passed" testListId="8C84FA94-04C1-424b-9868-57A2D4851A1D" relativeResultsDirectory="b9f7184e-3578-4c42-87f1-882a905bbdf6" />
    <UnitTestResult executionId="04609561-56d3-48e2-b24c-5f0c35de0344" testId="97c1b763-8718-3d0a-8391-96a87f3d9197" testName="ExtractArchiveAndDisposeWhileEnumeratingAsync (&quot;TestData.wim&quot;,3,True)" computerName="runnervmg1sw1" duration="00:00:00.0023055" startTime="2025-12-02T06:02:27.1871096+00:00" endTime="2025-12-02T06:02:27.1895643+00:00" testType="13CDC9D9-DDB5-4fa4-A97D-D965CCFC6D4B" outcome="Failed" testListId="8C84FA94-04C1-424b-9868-57A2D4851A1D" relativeResultsDirectory="04609561-56d3-48e2-b24c-5f0c35de0344">
      <Output>
        <ErrorInfo>
          <Message>Assert.AreEqual failed. Expected:&lt;3&gt;. Actual:&lt;1&gt;. </Message>
          <StackTrace>   at RecursiveExtractor.Tests.ExtractorTests.DisposeBehaviorTests.ExtractArchiveAndDisposeWhileEnumeratingAsync(String fileName, Int32 expectedNumFiles, Boolean parallel) in /home/runner/work/RecursiveExtractor/RecursiveExtractor/RecursiveExtractor.Tests/ExtractorTests/DisposeBehaviorTests.cs:line 119
</StackTrace>
        </ErrorInfo>
      </Output>
    </UnitTestResult>
    <UnitTestResult executionId="8c06a2c4-e42b-4508-baeb-9e8c02b13ffc" testId="5182713b-c625-c09d-9e88-6a4c83ec4d6c" testName="ExtractArchiveAndDisposeWhileEnumeratingAsync (&quot;EmptyFile.txt&quot;,1,True)" computerName="runnervmg1sw1" duration="00:00:00.0027264" startTime="2025-12-02T06:02:27.1896593+00:00" endTime="2025-12-02T06:02:27.1924910+00:00" testType="13CDC9D9-DDB5-4fa4-A97D-D965CCFC6D4B" outcome="Passed" testListId="8C84FA94-04C1-424b-9868-57A2D4851A1D" relativeResultsDirectory="8c06a2c4-e42b-4508-baeb-9e8c02b13ffc" />
    <UnitTestResult executionId="f62a923d-b03f-427a-8157-932f78bf8fae" testId="29a986c2-136b-8a95-630e-d1cb7cf4595b" testName="ExtractArchiveAndDisposeWhileEnumeratingAsync (&quot;TestDataArchivesNested.Zip&quot;,54,True)" computerName="runnervmg1sw1" duration="00:00:00.0019279" startTime="2025-12-02T06:02:27.1925806+00:00" endTime="2025-12-02T06:02:27.1946083+00:00" testType="13CDC9D9-DDB5-4fa4-A97D-D965CCFC6D4B" outcome="Failed" testListId="8C84FA94-04C1-424b-9868-57A2D4851A1D" relativeResultsDirectory="f62a923d-b03f-427a-8157-932f78bf8fae">
      <Output>
        <ErrorInfo>
          <Message>Assert.AreEqual failed. Expected:&lt;54&gt;. Actual:&lt;0&gt;. </Message>
          <StackTrace>   at RecursiveExtractor.Tests.ExtractorTests.DisposeBehaviorTests.ExtractArchiveAndDisposeWhileEnumeratingAsync(String fileName, Int32 expectedNumFiles, Boolean parallel) in /home/runner/work/RecursiveExtractor/RecursiveExtractor/RecursiveExtractor.Tests/ExtractorTests/DisposeBehaviorTests.cs:line 119
</StackTrace>
        </ErrorInfo>
      </Output>
    </UnitTestResult>
    <UnitTestResult executionId="12f926a1-e02e-43ec-a1bb-e143dbd29411" testId="e92abcc7-beaf-95b0-8e4e-4391574223df" testName="ExtractArchiveAndDisposeWhileEnumeratingAsync (&quot;TestDataArchivesNested.Zip&quot;,54,False)" computerName="runnervmg1sw1" duration="00:00:00.0023782" startTime="2025-12-02T06:02:27.1946946+00:00" endTime="2025-12-02T06:02:27.1971655+00:00" testType="13CDC9D9-DDB5-4fa4-A97D-D965CCFC6D4B" outcome="Failed" testListId="8C84FA94-04C1-424b-9868-57A2D4851A1D" relativeResultsDirectory="12f926a1-e02e-43ec-a1bb-e143dbd29411">
      <Output>
        <ErrorInfo>
          <Message>Assert.AreEqual failed. Expected:&lt;54&gt;. Actual:&lt;0&gt;. </Message>
          <StackTrace>   at RecursiveExtractor.Tests.ExtractorTests.DisposeBehaviorTests.ExtractArchiveAndDisposeWhileEnumeratingAsync(String fileName, Int32 expectedNumFiles, Boolean parallel) in /home/runner/work/RecursiveExtractor/RecursiveExtractor/RecursiveExtractor.Tests/ExtractorTests/DisposeBehaviorTests.cs:line 119
</StackTrace>
        </ErrorInfo>
      </Output>
    </UnitTestResult>
    <UnitTestResult executionId="d796baf8-7845-4b53-8805-6f7fa740e845" testId="29a986c2-136b-8a95-630e-d1cb7cf4595b" testName="ExtractArchiveAndDisposeWhileEnumeratingAsync (&quot;TestDataArchivesNested.Zip&quot;,54,True)" computerName="runnervmg1sw1" duration="00:00:00.0020269" startTime="2025-12-02T06:02:27.1972473+00:00" endTime="2025-12-02T06:02:27.1993588+00:00" testType="13CDC9D9-DDB5-4fa4-A97D-D965CCFC6D4B" outcome="Failed" testListId="8C84FA94-04C1-424b-9868-57A2D4851A1D" relativeResultsDirectory="d796baf8-7845-4b53-8805-6f7fa740e845">
      <Output>
        <ErrorInfo>
          <Message>Assert.AreEqual failed. Expected:&lt;54&gt;. Actual:&lt;0&gt;. </Message>
          <StackTrace>   at RecursiveExtractor.Tests.ExtractorTests.DisposeBehaviorTests.ExtractArchiveAndDisposeWhileEnumeratingAsync(String fileName, Int32 expectedNumFiles, Boolean parallel) in /home/runner/work/RecursiveExtractor/RecursiveExtractor/RecursiveExtractor.Tests/ExtractorTests/DisposeBehaviorTests.cs:line 119
</StackTrace>
        </ErrorInfo>
      </Output>
    </UnitTestResult>
    <UnitTestResult executionId="05bdfa85-1eab-441a-b568-91b09cc8025e" testId="e92abcc7-beaf-95b0-8e4e-4391574223df" testName="ExtractArchiveAndDisposeWhileEnumeratingAsync (&quot;TestDataArchivesNested.Zip&quot;,54,False)" computerName="runnervmg1sw1" duration="00:00:00.0022335" startTime="2025-12-02T06:02:27.1994538+00:00" endTime="2025-12-02T06:02:27.2017699+00:00" testType="13CDC9D9-DDB5-4fa4-A97D-D965CCFC6D4B" outcome="Failed" testListId="8C84FA94-04C1-424b-9868-57A2D4851A1D" relativeResultsDirectory="05bdfa85-1eab-441a-b568-91b09cc8025e">
      <Output>
        <ErrorInfo>
          <Message>Assert.AreEqual failed. Expected:&lt;54&gt;. Actual:&lt;0&gt;. </Message>
          <StackTrace>   at RecursiveExtractor.Tests.ExtractorTests.DisposeBehaviorTests.ExtractArchiveAndDisposeWhileEnumeratingAsync(String fileName, Int32 expectedNumFiles, Boolean parallel) in /home/runner/work/RecursiveExtractor/RecursiveExtractor/RecursiveExtractor.Tests/ExtractorTests/DisposeBehaviorTests.cs:line 119
</StackTrace>
        </ErrorInfo>
      </Output>
    </UnitTestResult>
    <UnitTestResult executionId="bf4290e8-b6b2-4f86-87a9-5aeaccb51c72" testId="104e0139-d9f1-3640-81b7-78001a8404c8" testName="EnsureDisposedWithExtractToDirectory (&quot;TestData.zip&quot;)" computerName="runnervmg1sw1" duration="00:00:00.0115496" startTime="2025-12-02T06:02:27.2018473+00:00" endTime="2025-12-02T06:02:27.2134809+00:00" testType="13CDC9D9-DDB5-4fa4-A97D-D965CCFC6D4B" outcome="Passed" testListId="8C84FA94-04C1-424b-9868-57A2D4851A1D" relativeResultsDirectory="bf4290e8-b6b2-4f86-87a9-5aeaccb51c72" />
    <UnitTestResult executionId="304b0243-fe76-4629-851f-fbd67baed5bf" testId="a1b77ca3-f8dc-ef52-be5f-d450ff96d212" testName="EnsureDisposedWithExtractToDirectoryAsync (&quot;TestData.zip&quot;)" computerName="runnervmg1sw1" duration="00:00:00.0100175" startTime="2025-12-02T06:02:27.2135731+00:00" endTime="2025-12-02T06:02:27.2236859+00:00" testType="13CDC9D9-DDB5-4fa4-A97D-D965CCFC6D4B" outcome="Passed" testListId="8C84FA94-04C1-424b-9868-57A2D4851A1D" relativeResultsDirectory="304b0243-fe76-4629-851f-fbd67baed5bf" />
    <UnitTestResult executionId="d9cbd4f5-df84-4563-8973-2c5cdf367d22" testId="2111a1b0-97a3-7e6f-2934-99a822db9847" testName="FileTypeSetCorrectlyForEncryptedArchives (&quot;TestDataEncryptedZipCrypto.zip&quot;)" computerName="runnervmg1sw1" duration="00:00:00.0040224" startTime="2025-12-02T06:02:27.2237665+00:00" endTime="2025-12-02T06:02:27.2279421+00:00" testType="13CDC9D9-DDB5-4fa4-A97D-D965CCFC6D4B" outcome="Passed" testListId="8C84FA94-04C1-424b-9868-57A2D4851A1D" relativeResultsDirectory="d9cbd4f5-df84-4563-8973-2c5cdf367d22" />
    <UnitTestResult executionId="162e5685-e39d-4646-af27-0adc372e304b" testId="edead926-95c0-dd66-f8e2-d1f7a463ed68" testName="FileTypeSetCorrectlyForEncryptedArchives (&quot;TestDataEncryptedAes.zip&quot;)" computerName="runnervmg1sw1" duration="00:00:00.0018049" startTime="2025-12-02T06:02:27.2280256+00:00" endTime="2025-12-02T06:02:27.2299117+00:00" testType="13CDC9D9-DDB5-4fa4-A97D-D965CCFC6D4B" outcome="Failed" testListId="8C84FA94-04C1-424b-9868-57A2D4851A1D" relativeResultsDirectory="162e5685-e39d-4646-af27-0adc372e304b">
      <Output>
        <ErrorInfo>
          <Message>Assert.AreEqual failed. Expected:&lt;1&gt;. Actual:&lt;0&gt;. </Message>
          <StackTrace>   at RecursiveExtractor.Tests.ExtractorTests.EncryptedArchiveTests.FileTypeSetCorrectlyForEncryptedArchives(String fileName, Int32 expectedNumFiles) in /home/runner/work/RecursiveExtractor/RecursiveExtractor/RecursiveExtractor.Tests/ExtractorTests/EncryptedArchiveTests.cs:line 25
   at InvokeStub_EncryptedArchiveTests.FileTypeSetCorrectlyForEncryptedArchives(Object, Span`1)
   at System.Reflection.MethodBaseInvoker.InvokeWithFewArgs(Object obj, BindingFlags invokeAttr, Binder binder, Object[] parameters, CultureInfo culture)
</StackTrace>
        </ErrorInfo>
      </Output>
    </UnitTestResult>
    <UnitTestResult executionId="dc6ca991-059c-47c0-8ade-61a1afbb9f0e" testId="87f189ea-7c58-807d-b5e6-3d4fa91f150f" testName="FileTypeSetCorrectlyForEncryptedArchives (&quot;TestDataEncrypted.7z&quot;)" computerName="runnervmg1sw1" duration="00:00:00.0025745" startTime="2025-12-02T06:02:27.2299912+00:00" endTime="2025-12-02T06:02:27.2326437+00:00" testType="13CDC9D9-DDB5-4fa4-A97D-D965CCFC6D4B" outcome="Passed" testListId="8C84FA94-04C1-424b-9868-57A2D4851A1D" relativeResultsDirectory="dc6ca991-059c-47c0-8ade-61a1afbb9f0e" />
    <UnitTestResult executionId="24042227-f293-498d-b9a6-cb9a837cadae" testId="da44e6fd-825f-b2a7-e63c-c1a45a2c3107" testName="FileTypeSetCorrectlyForEncryptedArchives (&quot;TestDataEncrypted.rar4&quot;)" computerName="runnervmg1sw1" duration="00:00:00.0015975" startTime="2025-12-02T06:02:27.2327245+00:00" endTime="2025-12-02T06:02:27.2344007+00:00" testType="13CDC9D9-DDB5-4fa4-A97D-D965CCFC6D4B" outcome="Passed" testListId="8C84FA94-04C1-424b-9868-57A2D4851A1D" relativeResultsDirectory="24042227-f293-498d-b9a6-cb9a837cadae" />
    <UnitTestResult executionId="f5c374d3-9986-48b2-985a-473aa4a2d9ac" testId="23bc9dde-1dad-b9a4-c4c4-b25819ceac2f" testName="FileTypeSetCorrectlyForEncryptedArchives (&quot;TestDataEncrypted.rar&quot;)" computerName="runnervmg1sw1" duration="00:00:00.0022033" startTime="2025-12-02T06:02:27.2344973+00:00" endTime="2025-12-02T06:02:27.2367782+00:00" testType="13CDC9D9-DDB5-4fa4-A97D-D965CCFC6D4B" outcome="Passed" testListId="8C84FA94-04C1-424b-9868-57A2D4851A1D" relativeResultsDirectory="f5c374d3-9986-48b2-985a-473aa4a2d9ac" />
    <UnitTestResult executionId="2a1c5b2a-cb63-46ef-849d-c6e8d7ad7701" testId="fb2e4c80-559b-6095-97d7-5c25752648af" testName="FileTypeSetCorrectlyForEncryptedArchivesAsync (&quot;TestDataEncryptedZipCrypto.zip&quot;)" computerName="runnervmg1sw1" duration="00:00:00.0022228" startTime="2025-12-02T06:02:27.2368560+00:00" endTime="2025-12-02T06:02:27.2391564+00:00" testType="13CDC9D9-DDB5-4fa4-A97D-D965CCFC6D4B" outcome="Passed" testListId="8C84FA94-04C1-424b-9868-57A2D4851A1D" relativeResultsDirectory="2a1c5b2a-cb63-46ef-849d-c6e8d7ad7701" />
    <UnitTestResult executionId="2ab7c0bd-9853-436f-b58e-48c0f5147e18" testId="43bd4610-7549-2665-02c0-b3761ccdc57d" testName="FileTypeSetCorrectlyForEncryptedArchivesAsync (&quot;TestDataEncryptedAes.zip&quot;)" computerName="runnervmg1sw1" duration="00:00:00.0038934" startTime="2025-12-02T06:02:27.2392321+00:00" endTime="2025-12-02T06:02:27.2432035+00:00" testType="13CDC9D9-DDB5-4fa4-A97D-D965CCFC6D4B" outcome="Failed" testListId="8C84FA94-04C1-424b-9868-57A2D4851A1D" relativeResultsDirectory="2ab7c0bd-9853-436f-b58e-48c0f5147e18">
      <Output>
        <ErrorInfo>
          <Message>Assert.AreEqual failed. Expected:&lt;1&gt;. Actual:&lt;0&gt;. </Message>
          <StackTrace>   at RecursiveExtractor.Tests.ExtractorTests.EncryptedArchiveTests.FileTypeSetCorrectlyForEncryptedArchivesAsync(String fileName, Int32 expectedNumFiles) in /home/runner/work/RecursiveExtractor/RecursiveExtractor/RecursiveExtractor.Tests/ExtractorTests/EncryptedArchiveTests.cs:line 45
</StackTrace>
        </ErrorInfo>
      </Output>
    </UnitTestResult>
    <UnitTestResult executionId="03b44d0e-145e-4a5c-8aa6-d6868885e0b5" testId="a9d28f6c-34cd-82ca-3dd6-9592982f186a" testName="FileTypeSetCorrectlyForEncryptedArchivesAsync (&quot;TestDataEncrypted.7z&quot;)" computerName="runnervmg1sw1" duration="00:00:00.0019369" startTime="2025-12-02T06:02:27.2432874+00:00" endTime="2025-12-02T06:02:27.2453066+00:00" testType="13CDC9D9-DDB5-4fa4-A97D-D965CCFC6D4B" outcome="Passed" testListId="8C84FA94-04C1-424b-9868-57A2D4851A1D" relativeResultsDirectory="03b44d0e-145e-4a5c-8aa6-d6868885e0b5" />
    <UnitTestResult executionId="6c63814d-3fdd-49df-a8e7-278f83ae2c9c" testId="8e4dec47-a1d6-831f-7666-89994d653424" testName="FileTypeSetCorrectlyForEncryptedArchivesAsync (&quot;TestDataEncrypted.rar4&quot;)" computerName="runnervmg1sw1" duration="00:00:00.0015558" startTime="2025-12-02T06:02:27.2453858+00:00" endTime="2025-12-02T06:02:27.2470375+00:00" testType="13CDC9D9-DDB5-4fa4-A97D-D965CCFC6D4B" outcome="Passed" testListId="8C84FA94-04C1-424b-9868-57A2D4851A1D" relativeResultsDirectory="6c63814d-3fdd-49df-a8e7-278f83ae2c9c" />
    <UnitTestResult executionId="77a633eb-b09d-42e9-ae8f-876704a3d872" testId="5b6ddc61-50cc-1838-2169-9efc26ea00da" testName="FileTypeSetCorrectlyForEncryptedArchivesAsync (&quot;TestDataEncrypted.rar&quot;)" computerName="runnervmg1sw1" duration="00:00:00.0015708" startTime="2025-12-02T06:02:27.2471162+00:00" endTime="2025-12-02T06:02:27.2487634+00:00" testType="13CDC9D9-DDB5-4fa4-A97D-D965CCFC6D4B" outcome="Passed" testListId="8C84FA94-04C1-424b-9868-57A2D4851A1D" relativeResultsDirectory="77a633eb-b09d-42e9-ae8f-876704a3d872" />
    <UnitTestResult executionId="08221924-dce4-49a6-9671-0a10b558c709" testId="d31813f5-68f9-67b3-410c-0e1372acaad3" testName="ExtractEncryptedArchive (&quot;TestDataEncryptedZipCrypto.zip&quot;)" computerName="runnervmg1sw1" duration="00:00:00.0052552" startTime="2025-12-02T06:02:27.2488307+00:00" endTime="2025-12-02T06:02:27.2541635+00:00" testType="13CDC9D9-DDB5-4fa4-A97D-D965CCFC6D4B" outcome="Passed" testListId="8C84FA94-04C1-424b-9868-57A2D4851A1D" relativeResultsDirectory="08221924-dce4-49a6-9671-0a10b558c709" />
    <UnitTestResult executionId="a6d04ded-6c25-45dc-8395-4297f924a167" testId="f28d5cb0-0a32-5b25-e13a-ecd35ef9dbd2" testName="ExtractEncryptedArchive (&quot;TestDataEncryptedAes.zip&quot;)" computerName="runnervmg1sw1" duration="00:00:00.0016891" startTime="2025-12-02T06:02:27.2542414+00:00" endTime="2025-12-02T06:02:27.2560128+00:00" testType="13CDC9D9-DDB5-4fa4-A97D-D965CCFC6D4B" outcome="Failed" testListId="8C84FA94-04C1-424b-9868-57A2D4851A1D" relativeResultsDirectory="a6d04ded-6c25-45dc-8395-4297f924a167">
      <Output>
        <ErrorInfo>
          <Message>Assert.AreEqual failed. Expected:&lt;3&gt;. Actual:&lt;0&gt;. </Message>
          <StackTrace>   at RecursiveExtractor.Tests.ExtractorTests.EncryptedArchiveTests.ExtractEncryptedArchive(String fileName, Int32 expectedNumFiles) in /home/runner/work/RecursiveExtractor/RecursiveExtractor/RecursiveExtractor.Tests/ExtractorTests/EncryptedArchiveTests.cs:line 63
   at InvokeStub_EncryptedArchiveTests.ExtractEncryptedArchive(Object, Span`1)
   at System.Reflection.MethodBaseInvoker.InvokeWithFewArgs(Object obj, BindingFlags invokeAttr, Binder binder, Object[] parameters, CultureInfo culture)
</StackTrace>
        </ErrorInfo>
      </Output>
    </UnitTestResult>
    <UnitTestResult executionId="0791d9dc-1584-48bf-80bc-de7672261e4e" testId="3b4f6775-9631-d76d-78a9-03b39f3e0c0d" testName="ExtractEncryptedArchive (&quot;TestDataEncrypted.7z&quot;)" computerName="runnervmg1sw1" duration="00:00:00.3261791" startTime="2025-12-02T06:02:27.2560890+00:00" endTime="2025-12-02T06:02:27.5823883+00:00" testType="13CDC9D9-DDB5-4fa4-A97D-D965CCFC6D4B" outcome="Passed" testListId="8C84FA94-04C1-424b-9868-57A2D4851A1D" relativeResultsDirectory="0791d9dc-1584-48bf-80bc-de7672261e4e" />
    <UnitTestResult executionId="a2093820-2a2d-4a24-9309-47565f111909" testId="b428612f-5440-f407-15c8-2acfcbb13c36" testName="ExtractEncryptedArchive (&quot;TestDataEncrypted.rar4&quot;)" computerName="runnervmg1sw1" duration="00:00:00.5170077" startTime="2025-12-02T06:02:27.5826068+00:00" endTime="2025-12-02T06:02:28.0998658+00:00" testType="13CDC9D9-DDB5-4fa4-A97D-D965CCFC6D4B" outcome="Passed" testListId="8C84FA94-04C1-424b-9868-57A2D4851A1D" relativeResultsDirectory="a2093820-2a2d-4a24-9309-47565f111909" />
    <UnitTestResult executionId="0c70667f-e445-4a7b-bcda-0e2f2f84af2d" testId="59417765-8254-2e0a-00c6-3ed4345aff52" testName="ExtractEncryptedArchive (&quot;EncryptedWithPlainNames.7z&quot;)" computerName="runnervmg1sw1" duration="00:00:00.1940686" startTime="2025-12-02T06:02:28.1002727+00:00" endTime="2025-12-02T06:02:28.2946778+00:00" testType="13CDC9D9-DDB5-4fa4-A97D-D965CCFC6D4B" outcome="Passed" testListId="8C84FA94-04C1-424b-9868-57A2D4851A1D" relativeResultsDirectory="0c70667f-e445-4a7b-bcda-0e2f2f84af2d" />
    <UnitTestResult executionId="a83b52db-8212-4643-a337-bc3bb294969e" testId="8bcc9ad4-9ed7-124a-3ead-b84592ea5881" testName="ExtractEncryptedArchive (&quot;EncryptedWithPlainNames.rar4&quot;)" computerName="runnervmg1sw1" duration="00:00:00.2354951" startTime="2025-12-02T06:02:28.2948623+00:00" endTime="2025-12-02T06:02:28.5306053+00:00" testType="13CDC9D9-DDB5-4fa4-A97D-D965CCFC6D4B" outcome="Passed" testListId="8C84FA94-04C1-424b-9868-57A2D4851A1D" relativeResultsDirectory="a83b52db-8212-4643-a337-bc3bb294969e" />
    <UnitTestResult executionId="a3f8bd56-9625-40ce-85cd-8a5a329481b0" testId="c05bf6df-b6c2-0d20-db97-427eb177368a" testName="ExtractEncryptedArchiveAsync (&quot;TestDataEncryptedZipCrypto.zip&quot;)" computerName="runnervmg1sw1" duration="00:00:00.0045596" startTime="2025-12-02T06:02:28.5307969+00:00" endTime="2025-12-02T06:02:28.5356173+00:00" testType="13CDC9D9-DDB5-4fa4-A97D-D965CCFC6D4B" outcome="Passed" testListId="8C84FA94-04C1-424b-9868-57A2D4851A1D" relativeResultsDirectory="a3f8bd56-9625-40ce-85cd-8a5a329481b0" />
    <UnitTestResult executionId="f92e94ae-c60d-430a-87c7-43c4d00928fb" testId="11a8deac-7286-1b77-e899-991969d41279" testName="ExtractEncryptedArchiveAsync (&quot;TestDataEncryptedAes.zip&quot;)" computerName="runnervmg1sw1" duration="00:00:00.0020471" startTime="2025-12-02T06:02:28.5357293+00:00" endTime="2025-12-02T06:02:28.5378966+00:00" testType="13CDC9D9-DDB5-4fa4-A97D-D965CCFC6D4B" outcome="Failed" testListId="8C84FA94-04C1-424b-9868-57A2D4851A1D" relativeResultsDirectory="f92e94ae-c60d-430a-87c7-43c4d00928fb">
      <Output>
        <ErrorInfo>
          <Message>Assert.AreEqual failed. Expected:&lt;3&gt;. Actual:&lt;0&gt;. </Message>
          <StackTrace>   at RecursiveExtractor.Tests.ExtractorTests.EncryptedArchiveTests.ExtractEncryptedArchiveAsync(String fileName, Int32 expectedNumFiles) in /home/runner/work/RecursiveExtractor/RecursiveExtractor/RecursiveExtractor.Tests/ExtractorTests/EncryptedArchiveTests.cs:line 91
</StackTrace>
        </ErrorInfo>
      </Output>
    </UnitTestResult>
    <UnitTestResult executionId="1fd3ac5f-5ead-4f10-bc04-539ca49a0473" testId="a3a06508-88f1-0a72-bdff-e54c5d4734c8" testName="ExtractEncryptedArchiveAsync (&quot;TestDataEncrypted.7z&quot;)" computerName="runnervmg1sw1" duration="00:00:00.2392297" startTime="2025-12-02T06:02:28.5379863+00:00" endTime="2025-12-02T06:02:28.7773499+00:00" testType="13CDC9D9-DDB5-4fa4-A97D-D965CCFC6D4B" outcome="Passed" testListId="8C84FA94-04C1-424b-9868-57A2D4851A1D" relativeResultsDirectory="1fd3ac5f-5ead-4f10-bc04-539ca49a0473" />
    <UnitTestResult executionId="7a947131-b47c-4d2f-a301-6dd10a9d8fec" testId="827e5836-b515-f020-824e-bba498e1a877" testName="ExtractEncryptedArchiveAsync (&quot;TestDataEncrypted.rar4&quot;)" computerName="runnervmg1sw1" duration="00:00:00.5083136" startTime="2025-12-02T06:02:28.7775847+00:00" endTime="2025-12-02T06:02:29.2861280+00:00" testType="13CDC9D9-DDB5-4fa4-A97D-D965CCFC6D4B" outcome="Passed" testListId="8C84FA94-04C1-424b-9868-57A2D4851A1D" relativeResultsDirectory="7a947131-b47c-4d2f-a301-6dd10a9d8fec" />
    <UnitTestResult executionId="dfe4f0fb-aea4-4c93-b18c-8e6080a21c6c" testId="1830fd74-815e-eef0-ee88-c67385326ea3" testName="ExtractEncryptedArchiveAsync (&quot;EncryptedWithPlainNames.7z&quot;)" computerName="runnervmg1sw1" duration="00:00:00.1950020" startTime="2025-12-02T06:02:29.2863387+00:00" endTime="2025-12-02T06:02:29.4815751+00:00" testType="13CDC9D9-DDB5-4fa4-A97D-D965CCFC6D4B" outcome="Passed" testListId="8C84FA94-04C1-424b-9868-57A2D4851A1D" relativeResultsDirectory="dfe4f0fb-aea4-4c93-b18c-8e6080a21c6c" />
    <UnitTestResult executionId="6f9c1a0e-c01f-4cd3-b696-d0c68880253e" testId="69d30a69-3db2-f774-efa3-b21388f22d10" testName="ExtractEncryptedArchiveAsync (&quot;EncryptedWithPlainNames.rar4&quot;)" computerName="runnervmg1sw1" duration="00:00:00.2329438" startTime="2025-12-02T06:02:29.4817058+00:00" endTime="2025-12-02T06:02:29.7148411+00:00" testType="13CDC9D9-DDB5-4fa4-A97D-D965CCFC6D4B" outcome="Passed" testListId="8C84FA94-04C1-424b-9868-57A2D4851A1D" relativeResultsDirectory="6f9c1a0e-c01f-4cd3-b696-d0c68880253e" />
    <UnitTestResult executionId="ee1049a1-73ed-4f5c-89fb-54975c2ce71d" testId="5bc9d9cb-5051-e12f-223a-fd1778bb0cc5" testName="ExtractArchiveToDirectoryParallel (&quot;100Trees.7z&quot;,101)" computerName="runnervmg1sw1" duration="00:00:00.0036355" startTime="2025-12-02T06:02:29.7150439+00:00" endTime="2025-12-02T06:02:29.7189717+00:00" testType="13CDC9D9-DDB5-4fa4-A97D-D965CCFC6D4B" outcome="Failed" testListId="8C84FA94-04C1-424b-9868-57A2D4851A1D" relativeResultsDirectory="ee1049a1-73ed-4f5c-89fb-54975c2ce71d">
      <Output>
        <ErrorInfo>
          <Message>Test method RecursiveExtractor.Tests.ExtractorTests.ExpectedNumFilesTests.ExtractArchiveToDirectoryParallel threw exception: 
System.IO.FileNotFoundException: Could not find file '/home/runner/work/RecursiveExtractor/RecursiveExtractor/RecursiveExtractor.Tests/bin/Debug/net9.0/TestData/TestDataArchives/100Trees.7z'.</Message>
          <StackTrace>   at Interop.ThrowExceptionForIoErrno(ErrorInfo errorInfo, String path, Boolean isDirError)
   at Microsoft.Win32.SafeHandles.SafeFileHandle.Open(String path, OpenFlags flags, Int32 mode, Boolean failForSymlink, Boolean&amp; wasSymlink, Func`4 createOpenException)
   at Microsoft.Win32.SafeHandles.SafeFileHandle.Open(String fullPath, FileMode mode, FileAccess access, FileShare share, FileOptions options, Int64 preallocationSize, UnixFileMode openPermissions, Int64&amp; fileLength, UnixFileMode&amp; filePermissions, Boolean failForSymlink, Boolean&amp; wasSymlink, Func`4 createOpenException)
   at System.IO.Strategies.OSFileStreamStrategy..ctor(String path, FileMode mode, FileAccess access, FileShare share, FileOptions options, Int64 preallocationSize, Nullable`1 unixCreateMode)
   at System.IO.File.OpenRead(String path)
   at Microsoft.CST.RecursiveExtractor.Extractor.ExtractToDirectory(String outputDirectory, String filename, ExtractorOptions opts, Boolean printNames) in /home/runner/work/RecursiveExtractor/RecursiveExtractor/RecursiveExtractor/Extractor.cs:line 460
   at RecursiveExtractor.Tests.ExtractorTests.ExpectedNumFilesTests.ExtractArchiveToDirectory(String fileName, Int32 expectedNumFiles, Boolean parallel) in /home/runner/work/RecursiveExtractor/RecursiveExtractor/RecursiveExtractor.Tests/ExtractorTests/ExpectedNumFilesTests.cs:line 110
   at RecursiveExtractor.Tests.ExtractorTests.ExpectedNumFilesTests.ExtractArchiveToDirectoryParallel(String fileName, Int32 expectedNumFiles) in /home/runner/work/RecursiveExtractor/RecursiveExtractor/RecursiveExtractor.Tests/ExtractorTests/ExpectedNumFilesTests.cs:line 95
   at System.RuntimeMethodHandle.InvokeMethod(Object target, Void** arguments, Signature sig, Boolean isConstructor)
   at System.Reflection.MethodBaseInvoker.InvokeDirectByRefWithFewArgs(Object obj, Span`1 copyOfArgs, BindingFlags invokeAttr)
</StackTrace>
        </ErrorInfo>
      </Output>
    </UnitTestResult>
    <UnitTestResult executionId="92488387-5465-405d-8e72-05a44b48c29c" testId="56bcf8aa-c71a-9a61-8e2f-61e09f413d00" testName="ExtractArchiveToDirectoryParallel (&quot;TestData.zip&quot;,5)" computerName="runnervmg1sw1" duration="00:00:00.0091583" startTime="2025-12-02T06:02:29.7190592+00:00" endTime="2025-12-02T06:02:29.7283278+00:00" testType="13CDC9D9-DDB5-4fa4-A97D-D965CCFC6D4B" outcome="Passed" testListId="8C84FA94-04C1-424b-9868-57A2D4851A1D" relativeResultsDirectory="92488387-5465-405d-8e72-05a44b48c29c" />
    <UnitTestResult executionId="f0f41d33-3c71-4876-9e49-d7fd81b4a89e" testId="b6fb7abc-e800-f6ba-dd5f-f12056e4bb17" testName="ExtractArchiveToDirectoryParallel (&quot;TestData.7z&quot;,3)" computerName="runnervmg1sw1" duration="00:00:00.0030291" startTime="2025-12-02T06:02:29.7284528+00:00" endTime="2025-12-02T06:02:29.7315883+00:00" testType="13CDC9D9-DDB5-4fa4-A97D-D965CCFC6D4B" outcome="Passed" testListId="8C84FA94-04C1-424b-9868-57A2D4851A1D" relativeResultsDirectory="f0f41d33-3c71-4876-9e49-d7fd81b4a89e" />
    <UnitTestResult executionId="9363faa4-8f32-4dea-bc83-4eb948508c3f" testId="18332ae8-779f-aff7-0b41-29efa5acdb09" testName="ExtractArchiveToDirectoryParallel (&quot;TestData.tar&quot;,6)" computerName="runnervmg1sw1" duration="00:00:00.0068332" startTime="2025-12-02T06:02:29.7316847+00:00" endTime="2025-12-02T06:02:29.7386133+00:00" testType="13CDC9D9-DDB5-4fa4-A97D-D965CCFC6D4B" outcome="Passed" testListId="8C84FA94-04C1-424b-9868-57A2D4851A1D" relativeResultsDirectory="9363faa4-8f32-4dea-bc83-4eb948508c3f" />
    <UnitTestResult executionId="5da2f587-aacc-4980-93d2-7f402f6e27ad" testId="2c44ef92-a5a0-0379-af4f-bb9e99d6d695" testName="ExtractArchiveToDirectoryParallel (&quot;TestData.rar&quot;,3)" computerName="runnervmg1sw1" duration="00:00:00.0043484" startTime="2025-12-02T06:02:29.7386949+00:00" endTime="2025-12-02T06:02:29.7431386+00:00" testType="13CDC9D9-DDB5-4fa4-A97D-D965CCFC6D4B" outcome="Passed" testListId="8C84FA94-04C1-424b-9868-57A2D4851A1D" relativeResultsDirectory="5da2f587-aacc-4980-93d2-7f402f6e27ad" />
    <UnitTestResult executionId="98cc06bc-0160-4d88-9361-378dfcff0ebb" testId="f4c1d526-e89f-c048-d6e3-ece31ede2c05" testName="ExtractArchiveToDirectoryParallel (&quot;TestData.rar4&quot;,3)" computerName="runnervmg1sw1" duration="00:00:00.0023228" startTime="2025-12-02T06:02:29.7432758+00:00" endTime="2025-12-02T06:02:29.7457602+00:00" testType="13CDC9D9-DDB5-4fa4-A97D-D965CCFC6D4B" outcome="Passed" testListId="8C84FA94-04C1-424b-9868-57A2D4851A1D" relativeResultsDirectory="98cc06bc-0160-4d88-9361-378dfcff0ebb" />
    <UnitTestResult executionId="336810e8-74ef-4534-9989-ed44f910d578" testId="f865fb82-05b4-15ae-9fa3-5657056afafb" testName="ExtractArchiveToDirectoryParallel (&quot;TestData.tar.bz2&quot;,6)" computerName="runnervmg1sw1" duration="00:00:00.0048220" startTime="2025-12-02T06:02:29.7458367+00:00" endTime="2025-12-02T06:02:29.7507454+00:00" testType="13CDC9D9-DDB5-4fa4-A97D-D965CCFC6D4B" outcome="Passed" testListId="8C84FA94-04C1-424b-9868-57A2D4851A1D" relativeResultsDirectory="336810e8-74ef-4534-9989-ed44f910d578" />
    <UnitTestResult executionId="ca45581e-6a7e-4522-a171-a180f455f386" testId="f3d14089-06ac-96e8-0855-573ae852ac8b" testName="ExtractArchiveToDirectoryParallel (&quot;TestData.tar.gz&quot;,6)" computerName="runnervmg1sw1" duration="00:00:00.0026142" startTime="2025-12-02T06:02:29.7508244+00:00" endTime="2025-12-02T06:02:29.7535300+00:00" testType="13CDC9D9-DDB5-4fa4-A97D-D965CCFC6D4B" outcome="Passed" testListId="8C84FA94-04C1-424b-9868-57A2D4851A1D" relativeResultsDirectory="ca45581e-6a7e-4522-a171-a180f455f386" />
    <UnitTestResult executionId="2b336eb7-1fb5-4e15-b43b-1d10f6245c20" testId="d21bf801-f386-d40e-37c9-1496d2c287e6" testName="ExtractArchiveToDirectoryParallel (&quot;TestData.tar.xz&quot;,3)" computerName="runnervmg1sw1" duration="00:00:00.0028118" startTime="2025-12-02T06:02:29.7536205+00:00" endTime="2025-12-02T06:02:29.7565205+00:00" testType="13CDC9D9-DDB5-4fa4-A97D-D965CCFC6D4B" outcome="Passed" testListId="8C84FA94-04C1-424b-9868-57A2D4851A1D" relativeResultsDirectory="2b336eb7-1fb5-4e15-b43b-1d10f6245c20" />
    <UnitTestResult executionId="2fe628c1-5216-489e-ac05-39774e538fa9" testId="31027537-b160-707d-7733-8b7278faafd2" testName="ExtractArchiveToDirectoryParallel (&quot;sysvbanner_1.0-17fakesync1_amd64.deb&quot;,8)" computerName="runnervmg1sw1" duration="00:00:00.0072192" startTime="2025-12-02T06:02:29.7566007+00:00" endTime="2025-12-02T06:02:29.7639138+00:00" testType="13CDC9D9-DDB5-4fa4-A97D-D965CCFC6D4B" outcome="Passed" testListId="8C84FA94-04C1-424b-9868-57A2D4851A1D" relativeResultsDirectory="2fe628c1-5216-489e-ac05-39774e538fa9" />
    <UnitTestResult executionId="ff60c0f0-d522-4f9b-ad2c-3f686239f0e4" testId="123bb29f-3ed4-b625-6686-3656c95d043a" testName="ExtractArchiveToDirectoryParallel (&quot;TestData.a&quot;,3)" computerName="runnervmg1sw1" duration="00:00:00.0019197" startTime="2025-12-02T06:02:29.7640030+00:00" endTime="2025-12-02T06:02:29.7660323+00:00" testType="13CDC9D9-DDB5-4fa4-A97D-D965CCFC6D4B" outcome="Passed" testListId="8C84FA94-04C1-424b-9868-57A2D4851A1D" relativeResultsDirectory="ff60c0f0-d522-4f9b-ad2c-3f686239f0e4" />
    <UnitTestResult executionId="b9d513b8-d085-40a2-9b3a-d48b206c63ee" testId="8eb3daf9-7838-d8fa-fbc8-a0720ea58528" testName="ExtractArchiveToDirectoryParallel (&quot;TestData.bsd.ar&quot;,3)" computerName="runnervmg1sw1" duration="00:00:00.0017029" startTime="2025-12-02T06:02:29.7661028+00:00" endTime="2025-12-02T06:02:29.7678972+00:00" testType="13CDC9D9-DDB5-4fa4-A97D-D965CCFC6D4B" outcome="Passed" testListId="8C84FA94-04C1-424b-9868-57A2D4851A1D" relativeResultsDirectory="b9d513b8-d085-40a2-9b3a-d48b206c63ee" />
    <UnitTestResult executionId="f7d1556a-b0dd-46b4-af5f-12997226a150" testId="405627f5-dfe5-7a6d-b2ec-0c8231cee44c" testName="ExtractArchiveToDirectoryParallel (&quot;TestData.iso&quot;,3)" computerName="runnervmg1sw1" duration="00:00:00.0020501" startTime="2025-12-02T06:02:29.7679650+00:00" endTime="2025-12-02T06:02:29.7701029+00:00" testType="13CDC9D9-DDB5-4fa4-A97D-D965CCFC6D4B" outcome="Passed" testListId="8C84FA94-04C1-424b-9868-57A2D4851A1D" relativeResultsDirectory="f7d1556a-b0dd-46b4-af5f-12997226a150" />
    <UnitTestResult executionId="77a163b9-6c04-4d50-a7bb-0a0626a8b910" testId="e810c319-3bad-05b0-e238-a5719334f896" testName="ExtractArchiveToDirectoryParallel (&quot;TestData.vhdx&quot;,3)" computerName="runnervmg1sw1" duration="00:00:00.0293461" startTime="2025-12-02T06:02:29.7701729+00:00" endTime="2025-12-02T06:02:29.7996278+00:00" testType="13CDC9D9-DDB5-4fa4-A97D-D965CCFC6D4B" outcome="Passed" testListId="8C84FA94-04C1-424b-9868-57A2D4851A1D" relativeResultsDirectory="77a163b9-6c04-4d50-a7bb-0a0626a8b910" />
    <UnitTestResult executionId="5da9d350-cfdd-4bb3-8ecb-9365f3a2e923" testId="43ecb707-4244-0631-260a-824b9ee38fb3" testName="ExtractArchiveToDirectoryParallel (&quot;TestData.wim&quot;,3)" computerName="runnervmg1sw1" duration="00:00:00.0021235" startTime="2025-12-02T06:02:29.7997713+00:00" endTime="2025-12-02T06:02:29.8020643+00:00" testType="13CDC9D9-DDB5-4fa4-A97D-D965CCFC6D4B" outcome="Failed" testListId="8C84FA94-04C1-424b-9868-57A2D4851A1D" relativeResultsDirectory="5da9d350-cfdd-4bb3-8ecb-9365f3a2e923">
      <Output>
        <ErrorInfo>
          <Message>Assert.AreEqual failed. Expected:&lt;3&gt;. Actual:&lt;1&gt;. </Message>
          <StackTrace>   at RecursiveExtractor.Tests.ExtractorTests.ExpectedNumFilesTests.ExtractArchiveToDirectory(String fileName, Int32 expectedNumFiles, Boolean parallel) in /home/runner/work/RecursiveExtractor/RecursiveExtractor/RecursiveExtractor.Tests/ExtractorTests/ExpectedNumFilesTests.cs:line 116
   at RecursiveExtractor.Tests.ExtractorTests.ExpectedNumFilesTests.ExtractArchiveToDirectoryParallel(String fileName, Int32 expectedNumFiles) in /home/runner/work/RecursiveExtractor/RecursiveExtractor/RecursiveExtractor.Tests/ExtractorTests/ExpectedNumFilesTests.cs:line 95
   at InvokeStub_ExpectedNumFilesTests.ExtractArchiveToDirectoryParallel(Object, Span`1)
   at System.Reflection.MethodBaseInvoker.InvokeWithFewArgs(Object obj, BindingFlags invokeAttr, Binder binder, Object[] parameters, CultureInfo culture)
</StackTrace>
        </ErrorInfo>
      </Output>
    </UnitTestResult>
    <UnitTestResult executionId="638e78aa-2c02-4a19-9ee0-20023247603c" testId="eba7a9cf-7842-af3d-f191-4f482f32402b" testName="ExtractArchiveToDirectoryParallel (&quot;EmptyFile.txt&quot;,1)" computerName="runnervmg1sw1" duration="00:00:00.0021284" startTime="2025-12-02T06:02:29.8021452+00:00" endTime="2025-12-02T06:02:29.8043961+00:00" testType="13CDC9D9-DDB5-4fa4-A97D-D965CCFC6D4B" outcome="Passed" testListId="8C84FA94-04C1-424b-9868-57A2D4851A1D" relativeResultsDirectory="638e78aa-2c02-4a19-9ee0-20023247603c" />
[...]
    <TestEntry testId="a388884b-45c3-8277-14c9-0c309b99436e" executionId="01093078-ea4a-41b4-bfcc-3d06784925e4" testListId="8C84FA94-04C1-424b-9868-57A2D4851A1D" />
    <TestEntry testId="7ec07a49-4b16-5592-174d-92deafc3788e" executionId="83669be3-adbb-4fab-b123-9988bf56f1c3" testListId="8C84FA94-04C1-424b-9868-57A2D4851A1D" />
    <TestEntry testId="b018b321-9d11-3c70-0ed7-1e9b893a6eb0" executionId="34ca928e-fade-422b-a586-b0bbc3cddce3" testListId="8C84FA94-04C1-424b-9868-57A2D4851A1D" />
    <TestEntry testId="d901f2a5-67c2-1ce4-5347-c7cd98e6be1f" executionId="b39a1057-bef6-420a-9bc8-070735af2a68" testListId="8C84FA94-04C1-424b-9868-57A2D4851A1D" />
    <TestEntry testId="cf708ce0-1304-8f69-0be4-903de3b1f089" executionId="517e4dce-211a-4550-9452-bec46e70f279" testListId="8C84FA94-04C1-424b-9868-57A2D4851A1D" />
    <TestEntry testId="aaf40c8c-3b66-5565-678e-00816de14c0c" executionId="69c346cd-c1d0-47d9-b961-6995cbaa4345" testListId="8C84FA94-04C1-424b-9868-57A2D4851A1D" />
    <TestEntry testId="f7c33b07-30b8-866d-6397-d5f66b3bb8bd" executionId="7dfcc0dc-536f-462d-8083-680ba4696f13" testListId="8C84FA94-04C1-424b-9868-57A2D4851A1D" />
    <TestEntry testId="1c6289cf-5e4e-8a10-8e49-82d304a38c6d" executionId="f25b6ef6-963b-452d-be68-605de330cd68" testListId="8C84FA94-04C1-424b-9868-57A2D4851A1D" />
    <TestEntry testId="29971105-6ae2-3740-d030-d2613239015a" executionId="465e321f-f4cf-469f-8353-afc1c86fc0f3" testListId="8C84FA94-04C1-424b-9868-57A2D4851A1D" />
    <TestEntry testId="9c3bc00c-e156-c2dc-5e2b-7b48f949a8ca" executionId="2c874655-bb55-4582-b28e-6a45d2a2c4f3" testListId="8C84FA94-04C1-424b-9868-57A2D4851A1D" />
    <TestEntry testId="3e84a5d6-280d-cd5b-4624-9bc1c14476a6" executionId="e0ba56ca-ce53-4f66-9222-1b48293355a9" testListId="8C84FA94-04C1-424b-9868-57A2D4851A1D" />
    <TestEntry testId="f2706812-c87c-68e7-ba65-1f576d3038a9" executionId="5fffd54a-69c1-4034-a5d0-2c4804f8bdaf" testListId="8C84FA94-04C1-424b-9868-57A2D4851A1D" />
    <TestEntry testId="85fc7166-42c9-b10e-87af-b2cad9ca2f2d" executionId="6adabd21-1b16-4ec8-9ae4-2b817dff322a" testListId="8C84FA94-04C1-424b-9868-57A2D4851A1D" />
    <TestEntry testId="f37b2442-6889-7897-68cd-d52976c028e0" executionId="896b85ff-15eb-4db9-85ba-69ce0b919415" testListId="8C84FA94-04C1-424b-9868-57A2D4851A1D" />
    <TestEntry testId="13f66116-cac8-c705-a3f2-f13dd1becede" executionId="5e31f674-8c7c-4789-8c2e-7f8f997c35d9" testListId="8C84FA94-04C1-424b-9868-57A2D4851A1D" />
    <TestEntry testId="a51747bc-a90f-b14f-5823-8a84bcbc6979" executionId="cdda24af-9ac2-409b-bb5d-497976783ff2" testListId="8C84FA94-04C1-424b-9868-57A2D4851A1D" />
    <TestEntry testId="ff0ddd52-027f-65a1-0e02-7d54f1f5ac57" executionId="5c7ffc41-7968-47e8-a948-02e4ec6199a2" testListId="8C84FA94-04C1-424b-9868-57A2D4851A1D" />
    <TestEntry testId="98ad3132-c48b-36e7-6ca4-dc0e8e45ff08" executionId="65a059ed-a318-4a0d-ab4e-2f06f9945aee" testListId="8C84FA94-04C1-424b-9868-57A2D4851A1D" />
    <TestEntry testId="f4c85383-0b90-2593-9646-c846e6fa263f" executionId="d88c74c0-ad32-4321-a667-4e5f3ccc3726" testListId="8C84FA94-04C1-424b-9868-57A2D4851A1D" />
    <TestEntry testId="2d70d4a7-1bdc-05f1-8614-4042ac556041" executionId="57b865a6-9433-49e3-bd63-31bfa408a1a6" testListId="8C84FA94-04C1-424b-9868-57A2D4851A1D" />
    <TestEntry testId="730f3f7f-f635-21da-0cfd-a57ae1b1dcde" executionId="d9259934-5b13-48cf-a424-30541fb0f7bf" testListId="8C84FA94-04C1-424b-9868-57A2D4851A1D" />
    <TestEntry testId="b312d020-2a2f-c1e0-4478-8d58c3664fa4" executionId="e86997b8-0d18-4b72-8f4a-43e9f642b012" testListId="8C84FA94-04C1-424b-9868-57A2D4851A1D" />
    <TestEntry testId="9c47b1e4-1c33-585e-eb91-3ae7758b3198" executionId="c3d21a94-ac29-48b6-8ba4-40d9f28f54f7" testListId="8C84FA94-04C1-424b-9868-57A2D4851A1D" />
    <TestEntry testId="6eb42113-92ad-f414-dbad-2b209a1c1e8b" executionId="2d5d1b08-a7d2-4c88-a286-e8fe039c4cbb" testListId="8C84FA94-04C1-424b-9868-57A2D4851A1D" />
    <TestEntry testId="5f009022-72b3-4e94-5998-b0ee83a2d211" executionId="ab524289-17db-4c62-b8f7-254b18db8ed7" testListId="8C84FA94-04C1-424b-9868-57A2D4851A1D" />
    <TestEntry testId="3e147d95-24d8-6d51-6a27-7bc2f4438e80" executionId="732c4045-190f-47a8-8993-4ec430bee6dc" testListId="8C84FA94-04C1-424b-9868-57A2D4851A1D" />
    <TestEntry testId="50bf4e26-56ce-7e76-5512-597313f1f0cd" executionId="06cff793-05db-48af-a597-6ea21fc04750" testListId="8C84FA94-04C1-424b-9868-57A2D4851A1D" />
    <TestEntry testId="f41ca105-52f1-86c1-38c0-f7ad9faff5c2" executionId="ff6e2c44-b86a-45b6-baa1-14c1483375c6" testListId="8C84FA94-04C1-424b-9868-57A2D4851A1D" />
    <TestEntry testId="28e63110-7b3c-6d46-11ce-5c6330f71304" executionId="3ce419d2-1f15-4231-a857-a82e228d9446" testListId="8C84FA94-04C1-424b-9868-57A2D4851A1D" />
    <TestEntry testId="c2500feb-fe3f-d320-e030-d94c3c178874" executionId="1fa27369-0b9a-4325-b1c5-608c9159ba11" testListId="8C84FA94-04C1-424b-9868-57A2D4851A1D" />
    <TestEntry testId="1c7f21d4-1af7-5451-f8de-e786ba9b303a" executionId="b8bb5137-9b85-4af5-8401-452be81e2809" testListId="8C84FA94-04C1-424b-9868-57A2D4851A1D" />
    <TestEntry testId="fcdb2cea-b1e3-4171-edf6-a2279326d5ec" executionId="a99fff60-52c0-404e-8bcf-1863984326c1" testListId="8C84FA94-04C1-424b-9868-57A2D4851A1D" />
    <TestEntry testId="cb9696c2-1bb8-7450-9b94-36d81ca29cb9" executionId="b53826e6-1e4b-4206-ba74-2878e1411a12" testListId="8C84FA94-04C1-424b-9868-57A2D4851A1D" />
    <TestEntry testId="291be102-112e-a8dd-1fd7-25b148c6c23b" executionId="a78bd838-b3d3-4c21-8dad-7fb714cbd10e" testListId="8C84FA94-04C1-424b-9868-57A2D4851A1D" />
    <TestEntry testId="280596e6-db54-0ba8-1b35-dd78140adb40" executionId="14aea978-449f-46c2-b9ea-6fc055afa472" testListId="8C84FA94-04C1-424b-9868-57A2D4851A1D" />
    <TestEntry testId="f7d1162c-1d6a-c423-74e6-0d184be0c96c" executionId="d6114238-bbed-455b-a9de-f0022115f7b1" testListId="8C84FA94-04C1-424b-9868-57A2D4851A1D" />
    <TestEntry testId="aec93cc5-7453-4302-f50e-35af092a33ac" executionId="2569069a-2d72-47cf-8c86-17b45834ff55" testListId="8C84FA94-04C1-424b-9868-57A2D4851A1D" />
    <TestEntry testId="97edfcd6-9118-64ae-20c7-4bed6bf86907" executionId="e616b2cf-d82a-4926-88ae-8abdb31f1e02" testListId="8C84FA94-04C1-424b-9868-57A2D4851A1D" />
    <TestEntry testId="78074b84-2cf4-a8b9-42cb-ccec985ce6dc" executionId="895b7977-355d-402a-9fd2-016809eb65e6" testListId="8C84FA94-04C1-424b-9868-57A2D4851A1D" />
    <TestEntry testId="65673e16-e31c-d166-e716-42c46d0d06b1" executionId="359ab326-a1b8-47fd-af32-0fe408796b15" testListId="8C84FA94-04C1-424b-9868-57A2D4851A1D" />
    <TestEntry testId="3899311d-29aa-cdb0-fd20-034d246f96c8" executionId="55b556f2-d4dd-44b3-8c8e-e4e28c5e98f7" testListId="8C84FA94-04C1-424b-9868-57A2D4851A1D" />
    <TestEntry testId="18095c71-5c05-5c54-b740-dd9dd85cb76e" executionId="c96d1bac-de50-4981-9bbe-bb315e06d8c1" testListId="8C84FA94-04C1-424b-9868-57A2D4851A1D" />
    <TestEntry testId="b730c146-1c49-f2ba-9555-60105f1e9874" executionId="0d30cbed-92e1-4cdd-b54a-91baadcea311" testListId="8C84FA94-04C1-424b-9868-57A2D4851A1D" />
    <TestEntry testId="153c2945-e696-3dd2-536f-a9ccece66e5a" executionId="0bf354b3-af44-4cf6-aed9-e609fe8b5e88" testListId="8C84FA94-04C1-424b-9868-57A2D4851A1D" />
    <TestEntry testId="df5548b3-b820-50d5-9cca-3af288bd3d07" executionId="7d652bd4-3dca-4174-b3e8-14a4fbb9c377" testListId="8C84FA94-04C1-424b-9868-57A2D4851A1D" />
    <TestEntry testId="73c21c48-0a56-7c52-64f8-f7e105dfc693" executionId="78b7babd-6238-416a-889f-82693ce369ba" testListId="8C84FA94-04C1-424b-9868-57A2D4851A1D" />
    <TestEntry testId="e6bc64a3-cb77-9878-846d-24de01dee8d2" executionId="59f50f18-dd7c-4ae8-9e11-9ea26c919007" testListId="8C84FA94-04C1-424b-9868-57A2D4851A1D" />
    <TestEntry testId="bbbc09af-ac77-90bc-66ae-1d40c49eb3d7" executionId="6badcf71-2602-42e8-839c-da498b0b43bb" testListId="8C84FA94-04C1-424b-9868-57A2D4851A1D" />
    <TestEntry testId="ccd86796-328d-5314-4cb3-40b8a0b02036" executionId="e286a72e-0b74-44b2-ac1a-2e6e6f831791" testListId="8C84FA94-04C1-424b-9868-57A2D4851A1D" />
    <TestEntry testId="4be6f301-27f6-6a4a-7606-2c3dc55b7a0a" executionId="676c4629-5f06-4989-9426-033659ec1df9" testListId="8C84FA94-04C1-424b-9868-57A2D4851A1D" />
    <TestEntry testId="d9ff943a-97b6-a42e-d947-2b90834532c9" executionId="902a247e-ab3c-4a7f-bf1c-ba0f8540094e" testListId="8C84FA94-04C1-424b-9868-57A2D4851A1D" />
    <TestEntry testId="a5ff9cdb-9641-d4d8-e680-62875ccab218" executionId="ae830eda-6993-4f66-8206-a65647eb6e32" testListId="8C84FA94-04C1-424b-9868-57A2D4851A1D" />
    <TestEntry testId="059d5c1a-3177-aaf0-b470-b507ce7c3ea7" executionId="4dd2f753-e82f-4301-a35a-76c6c68cb804" testListId="8C84FA94-04C1-424b-9868-57A2D4851A1D" />
    <TestEntry testId="ee45ed1a-89c2-eedb-fcf3-80ead233420a" executionId="ed32583c-5da1-413a-be08-968becc923a7" testListId="8C84FA94-04C1-424b-9868-57A2D4851A1D" />
    <TestEntry testId="65a45987-0f17-fa32-bd09-0f7445503ad1" executionId="e925190f-d8d7-4aae-ae20-dc1087537bb2" testListId="8C84FA94-04C1-424b-9868-57A2D4851A1D" />
    <TestEntry testId="be771f52-c75b-9995-551f-f3c5d535d668" executionId="1c3c5452-9fd4-4a3f-a119-f7295c5ffd9a" testListId="8C84FA94-04C1-424b-9868-57A2D4851A1D" />
    <TestEntry testId="036a4500-5b68-57d2-c89e-40b7b7d25bc3" executionId="4283ba50-6a3b-4428-813c-d843d203cae1" testListId="8C84FA94-04C1-424b-9868-57A2D4851A1D" />
    <TestEntry testId="a0676016-15ef-a495-fca2-3dc71053701b" executionId="58e3c100-61b7-4d5b-a293-65b99d8e4004" testListId="8C84FA94-04C1-424b-9868-57A2D4851A1D" />
    <TestEntry testId="eba30a64-534b-e585-1a7d-5e460df7b8aa" executionId="007bcdcd-e711-485d-a0bf-a131cad5e9a6" testListId="8C84FA94-04C1-424b-9868-57A2D4851A1D" />
    <TestEntry testId="61110ad9-b7a9-8b13-5ec4-19400b85007a" executionId="c877b557-f39d-4f3a-a7f2-ba2086682824" testListId="8C84FA94-04C1-424b-9868-57A2D4851A1D" />
    <TestEntry testId="6b1f2aa3-31f4-3469-5569-8812b31b6f08" executionId="f81764ea-7f7f-43c7-975f-f03502477457" testListId="8C84FA94-04C1-424b-9868-57A2D4851A1D" />
    <TestEntry testId="d07d5285-ad00-c5a7-0ffd-51549409b78b" executionId="e9896583-7835-45b8-b07f-a201d27f82a4" testListId="8C84FA94-04C1-424b-9868-57A2D4851A1D" />
    <TestEntry testId="1dab9516-a792-6286-4a2a-b1dd969177c8" executionId="09d992bb-5cab-45cf-92c0-ec364635da28" testListId="8C84FA94-04C1-424b-9868-57A2D4851A1D" />
    <TestEntry testId="6a2fca53-2559-1540-2982-5fd096359266" executionId="50c29a6b-a437-4b2b-94c9-95b018110586" testListId="8C84FA94-04C1-424b-9868-57A2D4851A1D" />
    <TestEntry testId="892144c7-62ad-c5ad-7554-fea03ed0e2eb" executionId="e84be1f0-9b12-41e5-98d4-70dc2e6137dc" testListId="8C84FA94-04C1-424b-9868-57A2D4851A1D" />
    <TestEntry testId="745153ee-d5aa-2f89-5763-bceef7067e8b" executionId="24cb1c47-e81e-426a-8d5b-a1ff77ab870e" testListId="8C84FA94-04C1-424b-9868-57A2D4851A1D" />
    <TestEntry testId="9735cc28-ddbe-6631-fb95-97baad6442d4" executionId="b5b4e7b8-b37c-4682-820e-c6de9f8d4290" testListId="8C84FA94-04C1-424b-9868-57A2D4851A1D" />
    <TestEntry testId="16403b18-4ee7-9792-b414-12afccf0b131" executionId="7c3c8296-398c-4a94-b508-c68e4ec62cf6" testListId="8C84FA94-04C1-424b-9868-57A2D4851A1D" />
    <TestEntry testId="ec5fa5a8-3b8c-53eb-af5f-31f7ccbc5157" executionId="6b841e7a-949f-4b5d-900c-159418455b21" testListId="8C84FA94-04C1-424b-9868-57A2D4851A1D" />
    <TestEntry testId="bf852773-dd16-8f68-6009-de945806c667" executionId="f3fb3182-3498-40fd-aef3-2a3fd61ed4bb" testListId="8C84FA94-04C1-424b-9868-57A2D4851A1D" />
    <TestEntry testId="d583a35c-16d8-b55d-5721-818b504cdebb" executionId="4e6bd89d-c632-48c2-9901-a5a3dcea30f8" testListId="8C84FA94-04C1-424b-9868-57A2D4851A1D" />
    <TestEntry testId="598e6016-36ac-68b4-3916-48eff950ab30" executionId="f50c5062-c472-4fc3-ac31-58195a095a79" testListId="8C84FA94-04C1-424b-9868-57A2D4851A1D" />
    <TestEntry testId="f71eb759-28a5-b971-cb63-566170ca0a2d" executionId="0b61887c-63b5-4848-8f34-ac016efa3f91" testListId="8C84FA94-04C1-424b-9868-57A2D4851A1D" />
    <TestEntry testId="39831331-7cbd-d2ff-52bb-f6ef9e25a665" executionId="80ee3f39-29f7-4d33-9f68-d223d7d7e7ad" testListId="8C84FA94-04C1-424b-9868-57A2D4851A1D" />
    <TestEntry testId="6a64db2a-eb8b-2f33-7259-aadee180251b" executionId="df6dc4ac-aebf-4fef-b3a7-1f54c649cc86" testListId="8C84FA94-04C1-424b-9868-57A2D4851A1D" />
    <TestEntry testId="addbc0b2-879e-ce8b-3643-2dd2c84d5b54" executionId="7c031ae5-f452-4e5e-84bf-8486b6608fb7" testListId="8C84FA94-04C1-424b-9868-57A2D4851A1D" />
    <TestEntry testId="927af413-5247-a98d-8f42-07c2c19a8a31" executionId="dcfa0746-fc22-46c9-9b3a-cdce9cef8b00" testListId="8C84FA94-04C1-424b-9868-57A2D4851A1D" />
    <TestEntry testId="30d77723-410f-a1a1-cc7b-c4b09c53c82d" executionId="d3bf8a2e-e048-475e-8bed-1507970127ed" testListId="8C84FA94-04C1-424b-9868-57A2D4851A1D" />
    <TestEntry testId="8839b338-e1cc-5fa6-9151-cce2e7444414" executionId="a0277ceb-4e87-4451-906a-60994257ac0f" testListId="8C84FA94-04C1-424b-9868-57A2D4851A1D" />
    <TestEntry testId="19e7c62b-a92d-96ba-c935-270ed4efe933" executionId="caf162cb-3cab-45de-ad6c-e59bf7169858" testListId="8C84FA94-04C1-424b-9868-57A2D4851A1D" />
    <TestEntry testId="737f542a-21a4-2336-552f-5abf1f7ef56c" executionId="2c9a8da7-9609-46e8-ad1a-f5fe5afb9082" testListId="8C84FA94-04C1-424b-9868-57A2D4851A1D" />
    <TestEntry testId="25586b30-7291-7610-5dcb-1468676d39cb" executionId="933ba764-e186-4f0f-87dc-a0df21f76e8f" testListId="8C84FA94-04C1-424b-9868-57A2D4851A1D" />
    <TestEntry testId="67bd7ae9-2e3f-ed97-5fdc-2f2a39c7e313" executionId="b659baf2-fdf4-4124-9648-b08c50bd2e9b" testListId="8C84FA94-04C1-424b-9868-57A2D4851A1D" />
    <TestEntry testId="04e7bf37-0335-d16c-aaa6-3ec98de01e70" executionId="3ec3fa3a-524c-4d95-9cbe-13ec8436d74a" testListId="8C84FA94-04C1-424b-9868-57A2D4851A1D" />
    <TestEntry testId="fe17da34-669a-6713-a5b1-be0cc0a2114b" executionId="06fe7f03-e0ca-4231-b4d7-95e3d88e53d2" testListId="8C84FA94-04C1-424b-9868-57A2D4851A1D" />
    <TestEntry testId="edeb3b78-9f45-e750-fecc-05a657c9379d" executionId="30093afc-be9e-4035-8d7e-f573c8427727" testListId="8C84FA94-04C1-424b-9868-57A2D4851A1D" />
    <TestEntry testId="35537302-6c71-c082-dbc9-23de13830258" executionId="9bd78738-544d-4eda-a458-062b84bba3ea" testListId="8C84FA94-04C1-424b-9868-57A2D4851A1D" />
    <TestEntry testId="5ec410d8-7584-2341-f31a-be7bd3c9e48e" executionId="061d34e0-c7c7-4a64-9e72-7cb0178c67f9" testListId="8C84FA94-04C1-424b-9868-57A2D4851A1D" />
    <TestEntry testId="e9e31e44-b693-0b5b-5827-ebaf41dc7b8c" executionId="215aeb35-9430-4753-87b6-9af84fa50fa1" testListId="8C84FA94-04C1-424b-9868-57A2D4851A1D" />
    <TestEntry testId="7deb9643-cc99-c556-e0b1-f4da43ba0b4b" executionId="4617e0b9-5ed5-4605-94c1-70f8fc8e8737" testListId="8C84FA94-04C1-424b-9868-57A2D4851A1D" />
    <TestEntry testId="9bafe06c-76ae-46d0-ec3c-92b2909cfbd2" executionId="e923eadc-441a-4746-bb5e-87e685d7f4b5" testListId="8C84FA94-04C1-424b-9868-57A2D4851A1D" />
    <TestEntry testId="fc5312dc-9bc8-ccbc-6fcb-d19a1ba8b0fe" executionId="9caa4b8e-250b-49be-a500-235bd2bd2dbb" testListId="8C84FA94-04C1-424b-9868-57A2D4851A1D" />
    <TestEntry testId="7f7f6f3f-4fbf-650f-4853-172cdc646aba" executionId="98ac892c-b0f1-4fb9-8256-15f5d0b52450" testListId="8C84FA94-04C1-424b-9868-57A2D4851A1D" />
    <TestEntry testId="41af87b7-4cbb-aa5d-9bac-c9b6d1eaef27" executionId="140af7eb-c8f0-47b4-a19a-e7b7845d00af" testListId="8C84FA94-04C1-424b-9868-57A2D4851A1D" />
    <TestEntry testId="3725f48c-9eef-f808-d781-17588cd4a9be" executionId="0526b9a4-c1b9-4787-a4b5-ce04b58fcfc0" testListId="8C84FA94-04C1-424b-9868-57A2D4851A1D" />
    <TestEntry testId="b17be6ed-c4d7-2b9d-876c-60ccc879088a" executionId="8b8234f0-2ced-4ca6-b718-31b07d0770b7" testListId="8C84FA94-04C1-424b-9868-57A2D4851A1D" />
    <TestEntry testId="ec34683d-d3c1-2c40-ae60-1c303a4aea24" executionId="ad441a44-f4bc-4a1e-8367-b4dd2c3f9f35" testListId="8C84FA94-04C1-424b-9868-57A2D4851A1D" />
    <TestEntry testId="f2765ce8-01f8-1866-680b-8cb74da67fdb" executionId="e053e103-ae33-42a4-a6f0-866c15c41d39" testListId="8C84FA94-04C1-424b-9868-57A2D4851A1D" />
    <TestEntry testId="bc6c6333-dd92-39c5-4087-22838fa612ce" executionId="936ae37a-5d7a-444d-9a83-9f7db260e2e6" testListId="8C84FA94-04C1-424b-9868-57A2D4851A1D" />
    <TestEntry testId="3f4e42d4-03ca-99ad-2d4c-3548a7001a53" executionId="27659499-b77a-4c8c-9ff8-562234c9c223" testListId="8C84FA94-04C1-424b-9868-57A2D4851A1D" />
    <TestEntry testId="cee6d311-4f09-d322-653e-e3ff78931dd8" executionId="5c154ba5-1e31-4900-90b4-548a9e62918d" testListId="8C84FA94-04C1-424b-9868-57A2D4851A1D" />
    <TestEntry testId="bc7273cb-a99d-7370-182c-4f291c254c75" executionId="a5446a72-430d-4b65-ac7b-3f1bbf5bce31" testListId="8C84FA94-04C1-424b-9868-57A2D4851A1D" />
    <TestEntry testId="90cd1b18-a988-d2c1-eb0e-520952188d4e" executionId="814b854a-c75e-496b-8bcc-65f64df4e03b" testListId="8C84FA94-04C1-424b-9868-57A2D4851A1D" />
    <TestEntry testId="35435d0f-0b6d-8680-a0c2-4dcd135a4a33" executionId="71fef70f-6765-4bb9-a4b4-7a373bee618e" testListId="8C84FA94-04C1-424b-9868-57A2D4851A1D" />
    <TestEntry testId="d8d7b171-cb3a-8669-a2df-cf538920789b" executionId="68086633-42be-46dc-8419-14f08af8ef3e" testListId="8C84FA94-04C1-424b-9868-57A2D4851A1D" />
    <TestEntry testId="9a3c8e77-08d4-2f61-34be-6a21ce1a5b36" executionId="af5751a4-1dfe-4238-a2ea-738ddf09b320" testListId="8C84FA94-04C1-424b-9868-57A2D4851A1D" />
    <TestEntry testId="63568880-b20f-9b4b-6c3d-30212f11fb96" executionId="4d7a0446-3c35-4805-9965-da44b7c4e212" testListId="8C84FA94-04C1-424b-9868-57A2D4851A1D" />
    <TestEntry testId="dcd3e23e-7b4a-0003-cef2-2d39a985f65b" executionId="3fb87c69-03b7-4d52-a34d-f8adf3229957" testListId="8C84FA94-04C1-424b-9868-57A2D4851A1D" />
    <TestEntry testId="1bf51b4e-300e-19f5-9c8f-ee638eb7970f" executionId="b119dc2e-2c13-4258-98ed-d5966ed79562" testListId="8C84FA94-04C1-424b-9868-57A2D4851A1D" />
    <TestEntry testId="6ce2f1c9-1b69-ccdd-34a2-eacebc80bb3f" executionId="907e3ef3-9ec1-4f3a-9cae-4fb94683c090" testListId="8C84FA94-04C1-424b-9868-57A2D4851A1D" />
    <TestEntry testId="30c89dec-ec53-4ace-98b1-e7e19c0f0ef4" executionId="ba123116-b932-45f0-859b-1b41afe9905a" testListId="8C84FA94-04C1-424b-9868-57A2D4851A1D" />
    <TestEntry testId="6ce2f1c9-1b69-ccdd-34a2-eacebc80bb3f" executionId="68e5fcc4-f4f8-42b4-ac51-257449d0199c" testListId="8C84FA94-04C1-424b-9868-57A2D4851A1D" />
    <TestEntry testId="30c89dec-ec53-4ace-98b1-e7e19c0f0ef4" executionId="d04992bd-eede-4830-aa07-c612596e6df8" testListId="8C84FA94-04C1-424b-9868-57A2D4851A1D" />
  </TestEntries>
  <TestLists>
    <TestList name="Results Not in a List" id="8C84FA94-04C1-424b-9868-57A2D4851A1D" />
    <TestList name="All Loaded Results" id="19431567-8539-422a-85d7-44ee4e166bda" />
  </TestLists>
  <ResultSummary outcome="Failed">
    <Counters total="548" executed="548" passed="474" failed="74" error="0" timeout="0" aborted="0" inconclusive="0" passedButRunAborted="0" notRunnable="0" notExecuted="0" disconnected="0" warning="0" completed="0" inProgress="0" pending="0" />
    <RunInfos>
      <RunInfo computerName="runnervmg1sw1" outcome="Error" timestamp="2025-12-02T06:02:33.3270792">
        <Text>Exit code indicates failure: '2'. Please refer to https://aka.ms/testingplatform/exitcodes for more information.</Text>
      </RunInfo>
    </RunInfos>
    <CollectorDataEntries>
      <Collector agentName="runnervmg1sw1" uri="datacollector://TestingPlatformCoverageDynamicTestSessionLifetimeHandler/1.0.0" collectorDisplayName="Code Coverage Process Monitor">
        <UriAttachments>
          <UriAttachment>
            <A href="runnervmg1sw1/54248560-1ff1-4b2c-823c-9dd3e4478c63.coverage" />
          </UriAttachment>
        </UriAttachments>
      </Collector>
    </CollectorDataEntries>
  </ResultSummary>
</TestRun>